<?xml version="1.0" encoding="UTF-8"?>
<!-- Generated by org.testng.reporters.JUnitReportReporter -->
<testsuite skipped="0" hostname="WTC-5159473-l2" name="TestNG.CMAC" tests="17" failures="0" timestamp="25 Oct 2018 05:01:45 GMT" time="13.628" errors="0">
  <testcase name="CreateProject" time="2.285" classname="TestNG.CMAC"/>
  <testcase name="CreateProject" time="1.832" classname="TestNG.CMAC"/>
  <testcase name="CreateProject" time="1.973" classname="TestNG.CMAC"/>
  <testcase name="CreateProject" time="2.114" classname="TestNG.CMAC"/>
  <testcase name="UpdateProject" time="0.776" classname="TestNG.CMAC"/>
  <testcase name="RetrieveProjectDetails" time="0.125" classname="TestNG.CMAC"/>
  <testcase name="RetrieveProjectDetails" time="0.219" classname="TestNG.CMAC"/>
  <testcase name="RetrieveProjectSummary" time="0.540" classname="TestNG.CMAC"/>
  <testcase name="UpdateProject" time="0.651" classname="TestNG.CMAC"/>
  <testcase name="RetrieveProjectDetails" time="0.188" classname="TestNG.CMAC"/>
  <testcase name="UpdateProject" time="0.605" classname="TestNG.CMAC"/>
  <testcase name="UpdateProject" time="0.714" classname="TestNG.CMAC"/>
  <testcase name="RetrieveProjectDetails" time="0.326" classname="TestNG.CMAC"/>
  <testcase name="DeleteProject" time="0.406" classname="TestNG.CMAC"/>
  <testcase name="DeleteProject" time="0.203" classname="TestNG.CMAC"/>
  <testcase name="DeleteProject" time="0.359" classname="TestNG.CMAC"/>
  <testcase name="DeleteProject" time="0.312" classname="TestNG.CMAC"/>
</testsuite> <!-- TestNG.CMAC -->
