<?xml version="1.0" encoding="UTF-8"?>
<!-- Generated by org.testng.reporters.JUnitReportReporter -->
<testsuite skipped="5" hostname="WTC-5159473-l2" name="TestNG.MFAC" tests="29" failures="0" timestamp="01 Nov 2018 02:15:39 GMT" time="381.080" errors="0">
  <testcase name="VerifyPinValid" time="7.069" classname="TestNG.MFAC"/>
  <testcase name="VerifyPinValid" time="6.939" classname="TestNG.MFAC"/>
  <testcase name="VerifyPinVelocity" time="23.210" classname="TestNG.MFAC"/>
  <testcase name="VerifyPinValid" time="7.188" classname="TestNG.MFAC"/>
  <testcase name="AddressVelocity" time="26.919" classname="TestNG.MFAC"/>
  <testcase name="VerifyPinValid" time="7.340" classname="TestNG.MFAC"/>
  <testcase name="IssuePinVelocity" time="16.483" classname="TestNG.MFAC"/>
  <testcase name="IssuePin" time="5.960" classname="TestNG.MFAC"/>
  <testcase name="VerifyPinVelocity" time="20.778" classname="TestNG.MFAC"/>
  <testcase name="VerifyPinVelocity" time="23.078" classname="TestNG.MFAC"/>
  <testcase name="VerifyPinNoLongerValid" time="15.603" classname="TestNG.MFAC"/>
  <testcase name="AddressVelocity" time="28.420" classname="TestNG.MFAC"/>
  <testcase name="IssuePin" time="2.062" classname="TestNG.MFAC"/>
  <testcase name="IssuePin" time="6.486" classname="TestNG.MFAC"/>
  <testcase name="IssuePin" time="2.312" classname="TestNG.MFAC"/>
  <testcase name="IssuePinVelocity" time="18.373" classname="TestNG.MFAC"/>
  <testcase name="AddressVelocity" time="27.883" classname="TestNG.MFAC"/>
  <testcase name="VerifyPinNoLongerValid" time="15.247" classname="TestNG.MFAC"/>
  <testcase name="VerifyPinNoLongerValid" time="18.669" classname="TestNG.MFAC"/>
  <testcase name="IssuePinVelocity" time="15.769" classname="TestNG.MFAC"/>
  <testcase name="VerifyPinNoLongerValid" time="15.395" classname="TestNG.MFAC"/>
  <testcase name="IssuePinVelocity" time="19.324" classname="TestNG.MFAC"/>
  <testcase name="VerifyPinVelocity" time="22.525" classname="TestNG.MFAC"/>
  <testcase name="AddressVelocity" time="28.048" classname="TestNG.MFAC"/>
  <testcase name="IssuePinExpiration" classname="TestNG.MFAC">
    <skipped/>
  </testcase> <!-- IssuePinExpiration -->
  <testcase name="AdditionalEnrollmentExpiration" classname="TestNG.MFAC">
    <skipped/>
  </testcase> <!-- AdditionalEnrollmentExpiration -->
  <testcase name="DetermineLockoutTime" classname="TestNG.MFAC">
    <skipped/>
  </testcase> <!-- DetermineLockoutTime -->
  <testcase name="AdditionalEnrollmentExpirationValidate" classname="TestNG.MFAC">
    <skipped/>
  </testcase> <!-- AdditionalEnrollmentExpirationValidate -->
  <testcase name="IssuePinExpirationValidate" classname="TestNG.MFAC">
    <skipped/>
  </testcase> <!-- IssuePinExpirationValidate -->
</testsuite> <!-- TestNG.MFAC -->
