<?xml version="1.0" encoding="UTF-8"?>
<!-- Generated by org.testng.reporters.JUnitReportReporter -->
<testsuite skipped="0" hostname="WTC-5159473-l2" name="MFAC.MFAC_Expiration" tests="6" failures="0" timestamp="20 Jan 2019 04:13:58 GMT" time="1327.591" errors="0">
  <testcase name="IssuePinExpiration" time="0.866" classname="MFAC.MFAC_Expiration"/>
  <testcase name="AdditionalEnrollmentExpiration" time="2.145" classname="MFAC.MFAC_Expiration"/>
  <testcase name="IssuePinExpiration" time="1.237" classname="MFAC.MFAC_Expiration"/>
  <testcase name="AdditionalEnrollmentExpiration" time="1.926" classname="MFAC.MFAC_Expiration"/>
  <testcase name="AdditionalEnrollmentExpirationValidate" time="660.635" classname="MFAC.MFAC_Expiration"/>
  <testcase name="IssuePinExpirationValidate" time="660.782" classname="MFAC.MFAC_Expiration"/>
</testsuite> <!-- MFAC.MFAC_Expiration -->
