<?xml version="1.0" encoding="UTF-8"?>
<!-- Generated by org.testng.reporters.JUnitReportReporter -->
<testsuite skipped="0" hostname="WTC-5159473-l2" name="CMAC.CMAC_Resources" tests="20" failures="0" timestamp="06 Nov 2018 22:08:51 GMT" time="3.170" errors="0">
  <testcase name="CreateResource" time="0.172" classname="CMAC.CMAC_Resources"/>
  <testcase name="CreateResource" time="0.211" classname="CMAC.CMAC_Resources"/>
  <testcase name="CreateResource" time="0.120" classname="CMAC.CMAC_Resources"/>
  <testcase name="CreateResource" time="0.078" classname="CMAC.CMAC_Resources"/>
  <testcase name="CreateResource" time="0.076" classname="CMAC.CMAC_Resources"/>
  <testcase name="UpdateResource" time="0.059" classname="CMAC.CMAC_Resources"/>
  <testcase name="UpdateResource" time="0.244" classname="CMAC.CMAC_Resources"/>
  <testcase name="RetrieveResource" time="0.078" classname="CMAC.CMAC_Resources"/>
  <testcase name="UpdateResource" time="0.298" classname="CMAC.CMAC_Resources"/>
  <testcase name="RetrieveResource" time="0.138" classname="CMAC.CMAC_Resources"/>
  <testcase name="RetrieveResource" time="0.059" classname="CMAC.CMAC_Resources"/>
  <testcase name="UpdateResource" time="0.177" classname="CMAC.CMAC_Resources"/>
  <testcase name="UpdateResource" time="0.120" classname="CMAC.CMAC_Resources"/>
  <testcase name="RetrieveResource" time="0.031" classname="CMAC.CMAC_Resources"/>
  <testcase name="RetrieveResource" time="0.123" classname="CMAC.CMAC_Resources"/>
  <testcase name="DeleteResource" time="0.152" classname="CMAC.CMAC_Resources"/>
  <testcase name="DeleteResource" time="0.331" classname="CMAC.CMAC_Resources"/>
  <testcase name="DeleteResource" time="0.370" classname="CMAC.CMAC_Resources"/>
  <testcase name="DeleteResource" time="0.247" classname="CMAC.CMAC_Resources"/>
  <testcase name="DeleteResource" time="0.086" classname="CMAC.CMAC_Resources"/>
</testsuite> <!-- CMAC.CMAC_Resources -->
