<?xml version="1.0" encoding="UTF-8"?>
<!-- Generated by org.testng.reporters.JUnitReportReporter -->
<testsuite skipped="0" hostname="WTC-5159473-l2" name="SupportClasses.Set_Environment" tests="1" failures="0" timestamp="11 Nov 2018 06:38:52 GMT" time="0.011" errors="0">
  <testcase name="SetEvironmentLevel" time="0.011" classname="SupportClasses.Set_Environment"/>
</testsuite> <!-- SupportClasses.Set_Environment -->
