<?xml version="1.0" encoding="UTF-8"?>
<!-- Generated by org.testng.reporters.JUnitReportReporter -->
<testsuite skipped="0" hostname="WTC-5159473-l2" name="TestNG.CMAC" tests="17" failures="0" timestamp="29 Oct 2018 21:31:51 GMT" time="11.291" errors="0">
  <testcase name="CreateProject" time="2.290" classname="TestNG.CMAC"/>
  <testcase name="CreateProject" time="2.269" classname="TestNG.CMAC"/>
  <testcase name="CreateProject" time="2.339" classname="TestNG.CMAC"/>
  <testcase name="CreateProject" time="2.346" classname="TestNG.CMAC"/>
  <testcase name="UpdateProject" time="0.345" classname="TestNG.CMAC"/>
  <testcase name="RetrieveProjectDetails" time="0.119" classname="TestNG.CMAC"/>
  <testcase name="UpdateProject" time="0.309" classname="TestNG.CMAC"/>
  <testcase name="RetrieveProjectDetails" time="0.020" classname="TestNG.CMAC"/>
  <testcase name="RetrieveProjectDetails" time="0.049" classname="TestNG.CMAC"/>
  <testcase name="RetrieveProjectSummary" time="0.258" classname="TestNG.CMAC"/>
  <testcase name="UpdateProject" time="0.223" classname="TestNG.CMAC"/>
  <testcase name="UpdateProject" time="0.154" classname="TestNG.CMAC"/>
  <testcase name="RetrieveProjectDetails" time="0.078" classname="TestNG.CMAC"/>
  <testcase name="DeleteProject" time="0.139" classname="TestNG.CMAC"/>
  <testcase name="DeleteProject" time="0.106" classname="TestNG.CMAC"/>
  <testcase name="DeleteProject" time="0.186" classname="TestNG.CMAC"/>
  <testcase name="DeleteProject" time="0.061" classname="TestNG.CMAC"/>
</testsuite> <!-- TestNG.CMAC -->
