<?xml version="1.0" encoding="UTF-8"?>
<!-- Generated by org.testng.reporters.JUnitReportReporter -->
<testsuite skipped="0" hostname="WTC-5159473-l2" name="USRC.USRC_General" tests="1" failures="0" timestamp="07 Jan 2019 23:13:09 GMT" time="1756.872" errors="0">
  <testcase name="CheckLogin" time="1756.872" classname="USRC.USRC_General"/>
</testsuite> <!-- USRC.USRC_General -->
