<?xml version="1.0" encoding="UTF-8"?>
<!-- Generated by org.testng.reporters.JUnitReportReporter -->
<testsuite skipped="5" hostname="WTC-5159473-l2" name="TestNG.MFAC" tests="29" failures="0" timestamp="25 Oct 2018 02:34:49 GMT" time="114.214" errors="0">
  <testcase name="VerifyPinValid" time="2.431" classname="TestNG.MFAC"/>
  <testcase name="VerifyPinNoLongerValid" time="3.990" classname="TestNG.MFAC"/>
  <testcase name="IssuePin" time="2.351" classname="TestNG.MFAC"/>
  <testcase name="VerifyPinNoLongerValid" time="3.881" classname="TestNG.MFAC"/>
  <testcase name="IssuePinVelocity" time="3.829" classname="TestNG.MFAC"/>
  <testcase name="VerifyPinNoLongerValid" time="3.615" classname="TestNG.MFAC"/>
  <testcase name="AddressVelocity" time="10.837" classname="TestNG.MFAC"/>
  <testcase name="IssuePin" time="2.634" classname="TestNG.MFAC"/>
  <testcase name="IssuePinVelocity" time="2.924" classname="TestNG.MFAC"/>
  <testcase name="VerifyPinValid" time="2.306" classname="TestNG.MFAC"/>
  <testcase name="VerifyPinValid" time="2.210" classname="TestNG.MFAC"/>
  <testcase name="AddressVelocity" time="11.257" classname="TestNG.MFAC"/>
  <testcase name="VerifyPinVelocity" time="7.549" classname="TestNG.MFAC"/>
  <testcase name="AddressVelocity" time="8.204" classname="TestNG.MFAC"/>
  <testcase name="IssuePin" time="2.023" classname="TestNG.MFAC"/>
  <testcase name="VerifyPinVelocity" time="6.428" classname="TestNG.MFAC"/>
  <testcase name="VerifyPinValid" time="2.117" classname="TestNG.MFAC"/>
  <testcase name="IssuePin" time="1.597" classname="TestNG.MFAC"/>
  <testcase name="IssuePinVelocity" time="3.190" classname="TestNG.MFAC"/>
  <testcase name="IssuePinVelocity" time="2.590" classname="TestNG.MFAC"/>
  <testcase name="VerifyPinVelocity" time="7.063" classname="TestNG.MFAC"/>
  <testcase name="VerifyPinNoLongerValid" time="3.771" classname="TestNG.MFAC"/>
  <testcase name="VerifyPinVelocity" time="7.206" classname="TestNG.MFAC"/>
  <testcase name="AddressVelocity" time="10.211" classname="TestNG.MFAC"/>
  <testcase name="IssuePinExpiration" classname="TestNG.MFAC">
    <skipped/>
  </testcase> <!-- IssuePinExpiration -->
  <testcase name="AdditionalEnrollmentExpiration" classname="TestNG.MFAC">
    <skipped/>
  </testcase> <!-- AdditionalEnrollmentExpiration -->
  <testcase name="DetermineLockoutTime" classname="TestNG.MFAC">
    <skipped/>
  </testcase> <!-- DetermineLockoutTime -->
  <testcase name="AdditionalEnrollmentExpirationValidate" classname="TestNG.MFAC">
    <skipped/>
  </testcase> <!-- AdditionalEnrollmentExpirationValidate -->
  <testcase name="IssuePinExpirationValidate" classname="TestNG.MFAC">
    <skipped/>
  </testcase> <!-- IssuePinExpirationValidate -->
</testsuite> <!-- TestNG.MFAC -->
