<?xml version="1.0" encoding="UTF-8"?>
<!-- Generated by org.testng.reporters.JUnitReportReporter -->
<testsuite skipped="0" hostname="WTC-5159473-l2" name="CMAC.CMAC_Resources" tests="16" failures="0" timestamp="11 Nov 2018 01:35:20 GMT" time="19.536" errors="0">
  <testcase name="CreateResource" time="0.263" classname="CMAC.CMAC_Resources"/>
  <testcase name="CreateResource" time="0.181" classname="CMAC.CMAC_Resources"/>
  <testcase name="CreateResource" time="0.337" classname="CMAC.CMAC_Resources"/>
  <testcase name="CreateResource" time="0.123" classname="CMAC.CMAC_Resources"/>
  <testcase name="UpdateResource" time="1.043" classname="CMAC.CMAC_Resources"/>
  <testcase name="RetrieveResource" time="0.282" classname="CMAC.CMAC_Resources"/>
  <testcase name="RetrieveResource" time="0.215" classname="CMAC.CMAC_Resources"/>
  <testcase name="UpdateResource" time="0.896" classname="CMAC.CMAC_Resources"/>
  <testcase name="UpdateResource" time="0.566" classname="CMAC.CMAC_Resources"/>
  <testcase name="RetrieveResource" time="0.154" classname="CMAC.CMAC_Resources"/>
  <testcase name="RetrieveResource" time="0.087" classname="CMAC.CMAC_Resources"/>
  <testcase name="UpdateResource" time="0.832" classname="CMAC.CMAC_Resources"/>
  <testcase name="DeleteResource" time="3.531" classname="CMAC.CMAC_Resources"/>
  <testcase name="DeleteResource" time="3.675" classname="CMAC.CMAC_Resources"/>
  <testcase name="DeleteResource" time="3.752" classname="CMAC.CMAC_Resources"/>
  <testcase name="DeleteResource" time="3.599" classname="CMAC.CMAC_Resources"/>
</testsuite> <!-- CMAC.CMAC_Resources -->
