<?xml version="1.0" encoding="UTF-8"?>
<!-- Generated by org.testng.reporters.JUnitReportReporter -->
<testsuite skipped="0" hostname="WTC-5159473-l2" name="USRC.USRC_FDM" tests="1" failures="0" timestamp="07 Nov 2018 22:31:47 GMT" time="29.446" errors="0">
  <testcase name="EndtoEndEnrollment" time="29.446" classname="USRC.USRC_FDM"/>
</testsuite> <!-- USRC.USRC_FDM -->
