<?xml version="1.0" encoding="UTF-8"?>
<!-- Generated by org.testng.reporters.JUnitReportReporter -->
<testsuite skipped="0" hostname="WTC-5159473-l2" name="CMAC.CMAC_Projects" tests="17" failures="13" timestamp="01 Nov 2018 03:05:21 GMT" time="7.476" errors="0">
  <testcase name="CreateProject" time="0.284" classname="CMAC.CMAC_Projects">
    <failure type="java.lang.AssertionError" message="
Expected: a string containing &quot;\&quot;laType\&quot;:\&quot;propreitary&quot;
     but: was &quot;{&quot;transactionId&quot;:&quot;e6e050da-2524-4b5d-9d67-af5de1f3a1c0&quot;,&quot;output&quot;:{&quot;projects&quot;:[{&quot;organizationUUID&quot;:&quot;20000&quot;,&quot;applicationUUID&quot;:&quot;1031182205191&quot;,&quot;projectName&quot;:&quot;Proj_Creation1 103118T220519&quot;}]}}&quot;">
      <![CDATA[java.lang.AssertionError: 
Expected: a string containing "\"laType\":\"propreitary"
     but: was "{"transactionId":"e6e050da-2524-4b5d-9d67-af5de1f3a1c0","output":{"projects":[{"organizationUUID":"20000","applicationUUID":"1031182205191","projectName":"Proj_Creation1 103118T220519"}]}}"
at org.hamcrest.MatcherAssert.assertThat(MatcherAssert.java:20)
at org.junit.Assert.assertThat(Assert.java:956)
at org.junit.Assert.assertThat(Assert.java:923)
at CMAC.CMAC_Projects.CreateProject(CMAC_Projects.java:93)
at sun.reflect.NativeMethodAccessorImpl.invoke0(Native Method)
at sun.reflect.NativeMethodAccessorImpl.invoke(Unknown Source)
at sun.reflect.DelegatingMethodAccessorImpl.invoke(Unknown Source)
at java.lang.reflect.Method.invoke(Unknown Source)
at org.testng.internal.MethodInvocationHelper.invokeMethod(MethodInvocationHelper.java:124)
at org.testng.internal.Invoker.invokeMethod(Invoker.java:580)
at org.testng.internal.Invoker.invokeTestMethod(Invoker.java:716)
at org.testng.internal.TestMethodWithDataProviderMethodWorker.call(TestMethodWithDataProviderMethodWorker.java:71)
at org.testng.internal.TestMethodWithDataProviderMethodWorker.call(TestMethodWithDataProviderMethodWorker.java:14)
at java.util.concurrent.FutureTask.run(Unknown Source)
at java.util.concurrent.Executors$RunnableAdapter.call(Unknown Source)
at java.util.concurrent.FutureTask.run(Unknown Source)
at java.util.concurrent.ThreadPoolExecutor.runWorker(Unknown Source)
at java.util.concurrent.ThreadPoolExecutor$Worker.run(Unknown Source)
at java.lang.Thread.run(Unknown Source)
]]>
    </failure>
  </testcase> <!-- CreateProject -->
  <testcase name="CreateProject" time="0.472" classname="CMAC.CMAC_Projects">
    <failure type="java.lang.AssertionError" message="
Expected: a string containing &quot;\&quot;laType\&quot;:\&quot;propreitary&quot;
     but: was &quot;{&quot;transactionId&quot;:&quot;3dfe1f27-30d4-41f0-885d-44c9842b17f5&quot;,&quot;output&quot;:{&quot;projects&quot;:[{&quot;organizationUUID&quot;:&quot;20000&quot;,&quot;applicationUUID&quot;:&quot;1031182205194&quot;,&quot;projectName&quot;:&quot;Proj_Creation4 103118T220519&quot;}]}}&quot;">
      <![CDATA[java.lang.AssertionError: 
Expected: a string containing "\"laType\":\"propreitary"
     but: was "{"transactionId":"3dfe1f27-30d4-41f0-885d-44c9842b17f5","output":{"projects":[{"organizationUUID":"20000","applicationUUID":"1031182205194","projectName":"Proj_Creation4 103118T220519"}]}}"
at org.hamcrest.MatcherAssert.assertThat(MatcherAssert.java:20)
at org.junit.Assert.assertThat(Assert.java:956)
at org.junit.Assert.assertThat(Assert.java:923)
at CMAC.CMAC_Projects.CreateProject(CMAC_Projects.java:93)
at sun.reflect.NativeMethodAccessorImpl.invoke0(Native Method)
at sun.reflect.NativeMethodAccessorImpl.invoke(Unknown Source)
at sun.reflect.DelegatingMethodAccessorImpl.invoke(Unknown Source)
at java.lang.reflect.Method.invoke(Unknown Source)
at org.testng.internal.MethodInvocationHelper.invokeMethod(MethodInvocationHelper.java:124)
at org.testng.internal.Invoker.invokeMethod(Invoker.java:580)
at org.testng.internal.Invoker.invokeTestMethod(Invoker.java:716)
at org.testng.internal.TestMethodWithDataProviderMethodWorker.call(TestMethodWithDataProviderMethodWorker.java:71)
at org.testng.internal.TestMethodWithDataProviderMethodWorker.call(TestMethodWithDataProviderMethodWorker.java:14)
at java.util.concurrent.FutureTask.run(Unknown Source)
at java.util.concurrent.Executors$RunnableAdapter.call(Unknown Source)
at java.util.concurrent.FutureTask.run(Unknown Source)
at java.util.concurrent.ThreadPoolExecutor.runWorker(Unknown Source)
at java.util.concurrent.ThreadPoolExecutor$Worker.run(Unknown Source)
at java.lang.Thread.run(Unknown Source)
]]>
    </failure>
  </testcase> <!-- CreateProject -->
  <testcase name="CreateProject" time="0.328" classname="CMAC.CMAC_Projects">
    <failure type="java.lang.AssertionError" message="
Expected: a string containing &quot;\&quot;laType\&quot;:\&quot;propreitary&quot;
     but: was &quot;{&quot;transactionId&quot;:&quot;017c69bb-b952-4a8e-875c-b702c753a3a3&quot;,&quot;output&quot;:{&quot;projects&quot;:[{&quot;organizationUUID&quot;:&quot;20000&quot;,&quot;applicationUUID&quot;:&quot;1031182205193&quot;,&quot;projectName&quot;:&quot;Proj_Creation3 103118T220519&quot;}]}}&quot;">
      <![CDATA[java.lang.AssertionError: 
Expected: a string containing "\"laType\":\"propreitary"
     but: was "{"transactionId":"017c69bb-b952-4a8e-875c-b702c753a3a3","output":{"projects":[{"organizationUUID":"20000","applicationUUID":"1031182205193","projectName":"Proj_Creation3 103118T220519"}]}}"
at org.hamcrest.MatcherAssert.assertThat(MatcherAssert.java:20)
at org.junit.Assert.assertThat(Assert.java:956)
at org.junit.Assert.assertThat(Assert.java:923)
at CMAC.CMAC_Projects.CreateProject(CMAC_Projects.java:93)
at sun.reflect.NativeMethodAccessorImpl.invoke0(Native Method)
at sun.reflect.NativeMethodAccessorImpl.invoke(Unknown Source)
at sun.reflect.DelegatingMethodAccessorImpl.invoke(Unknown Source)
at java.lang.reflect.Method.invoke(Unknown Source)
at org.testng.internal.MethodInvocationHelper.invokeMethod(MethodInvocationHelper.java:124)
at org.testng.internal.Invoker.invokeMethod(Invoker.java:580)
at org.testng.internal.Invoker.invokeTestMethod(Invoker.java:716)
at org.testng.internal.TestMethodWithDataProviderMethodWorker.call(TestMethodWithDataProviderMethodWorker.java:71)
at org.testng.internal.TestMethodWithDataProviderMethodWorker.call(TestMethodWithDataProviderMethodWorker.java:14)
at java.util.concurrent.FutureTask.run(Unknown Source)
at java.util.concurrent.Executors$RunnableAdapter.call(Unknown Source)
at java.util.concurrent.FutureTask.run(Unknown Source)
at java.util.concurrent.ThreadPoolExecutor.runWorker(Unknown Source)
at java.util.concurrent.ThreadPoolExecutor$Worker.run(Unknown Source)
at java.lang.Thread.run(Unknown Source)
]]>
    </failure>
  </testcase> <!-- CreateProject -->
  <testcase name="CreateProject" time="0.376" classname="CMAC.CMAC_Projects">
    <failure type="java.lang.AssertionError" message="
Expected: a string containing &quot;\&quot;laType\&quot;:\&quot;propreitary&quot;
     but: was &quot;{&quot;transactionId&quot;:&quot;8bb9b350-beca-4f5c-857b-809d90080373&quot;,&quot;output&quot;:{&quot;projects&quot;:[{&quot;organizationUUID&quot;:&quot;20000&quot;,&quot;applicationUUID&quot;:&quot;1031182205192&quot;,&quot;projectName&quot;:&quot;Proj_Creation2 103118T220519&quot;}]}}&quot;">
      <![CDATA[java.lang.AssertionError: 
Expected: a string containing "\"laType\":\"propreitary"
     but: was "{"transactionId":"8bb9b350-beca-4f5c-857b-809d90080373","output":{"projects":[{"organizationUUID":"20000","applicationUUID":"1031182205192","projectName":"Proj_Creation2 103118T220519"}]}}"
at org.hamcrest.MatcherAssert.assertThat(MatcherAssert.java:20)
at org.junit.Assert.assertThat(Assert.java:956)
at org.junit.Assert.assertThat(Assert.java:923)
at CMAC.CMAC_Projects.CreateProject(CMAC_Projects.java:93)
at sun.reflect.NativeMethodAccessorImpl.invoke0(Native Method)
at sun.reflect.NativeMethodAccessorImpl.invoke(Unknown Source)
at sun.reflect.DelegatingMethodAccessorImpl.invoke(Unknown Source)
at java.lang.reflect.Method.invoke(Unknown Source)
at org.testng.internal.MethodInvocationHelper.invokeMethod(MethodInvocationHelper.java:124)
at org.testng.internal.Invoker.invokeMethod(Invoker.java:580)
at org.testng.internal.Invoker.invokeTestMethod(Invoker.java:716)
at org.testng.internal.TestMethodWithDataProviderMethodWorker.call(TestMethodWithDataProviderMethodWorker.java:71)
at org.testng.internal.TestMethodWithDataProviderMethodWorker.call(TestMethodWithDataProviderMethodWorker.java:14)
at java.util.concurrent.FutureTask.run(Unknown Source)
at java.util.concurrent.Executors$RunnableAdapter.call(Unknown Source)
at java.util.concurrent.FutureTask.run(Unknown Source)
at java.util.concurrent.ThreadPoolExecutor.runWorker(Unknown Source)
at java.util.concurrent.ThreadPoolExecutor$Worker.run(Unknown Source)
at java.lang.Thread.run(Unknown Source)
]]>
    </failure>
  </testcase> <!-- CreateProject -->
  <testcase name="UpdateProject" time="0.674" classname="CMAC.CMAC_Projects">
    <failure type="java.lang.AssertionError" message="
Expected: a string containing &quot;\&quot;laType\&quot;:\&quot;propreitary&quot;
     but: was &quot;{&quot;transactionId&quot;:&quot;51810092-2c4b-4de0-8391-dbdb74b163b1&quot;,&quot;output&quot;:{&quot;projects&quot;:[{&quot;organizationUUID&quot;:&quot;20000&quot;,&quot;applicationUUID&quot;:&quot;1031182205193&quot;,&quot;projectName&quot;:&quot;Proj_Updated103118T220519&quot;}]}}&quot;">
      <![CDATA[java.lang.AssertionError: 
Expected: a string containing "\"laType\":\"propreitary"
     but: was "{"transactionId":"51810092-2c4b-4de0-8391-dbdb74b163b1","output":{"projects":[{"organizationUUID":"20000","applicationUUID":"1031182205193","projectName":"Proj_Updated103118T220519"}]}}"
at org.hamcrest.MatcherAssert.assertThat(MatcherAssert.java:20)
at org.junit.Assert.assertThat(Assert.java:956)
at org.junit.Assert.assertThat(Assert.java:923)
at CMAC.CMAC_Projects.UpdateProject(CMAC_Projects.java:140)
at sun.reflect.NativeMethodAccessorImpl.invoke0(Native Method)
at sun.reflect.NativeMethodAccessorImpl.invoke(Unknown Source)
at sun.reflect.DelegatingMethodAccessorImpl.invoke(Unknown Source)
at java.lang.reflect.Method.invoke(Unknown Source)
at org.testng.internal.MethodInvocationHelper.invokeMethod(MethodInvocationHelper.java:124)
at org.testng.internal.Invoker.invokeMethod(Invoker.java:580)
at org.testng.internal.Invoker.invokeTestMethod(Invoker.java:716)
at org.testng.internal.TestMethodWithDataProviderMethodWorker.call(TestMethodWithDataProviderMethodWorker.java:71)
at org.testng.internal.TestMethodWithDataProviderMethodWorker.call(TestMethodWithDataProviderMethodWorker.java:14)
at java.util.concurrent.FutureTask.run(Unknown Source)
at java.util.concurrent.Executors$RunnableAdapter.call(Unknown Source)
at java.util.concurrent.FutureTask.run(Unknown Source)
at java.util.concurrent.ThreadPoolExecutor.runWorker(Unknown Source)
at java.util.concurrent.ThreadPoolExecutor$Worker.run(Unknown Source)
at java.lang.Thread.run(Unknown Source)
]]>
    </failure>
  </testcase> <!-- UpdateProject -->
  <testcase name="UpdateProject" time="0.486" classname="CMAC.CMAC_Projects">
    <failure type="java.lang.AssertionError" message="
Expected: a string containing &quot;\&quot;laType\&quot;:\&quot;propreitary&quot;
     but: was &quot;{&quot;transactionId&quot;:&quot;5f468110-f2d9-45d3-93fe-9f672473363f&quot;,&quot;output&quot;:{&quot;projects&quot;:[{&quot;organizationUUID&quot;:&quot;20000&quot;,&quot;applicationUUID&quot;:&quot;1031182205192&quot;,&quot;projectName&quot;:&quot;Proj_Updated103118T220519&quot;}]}}&quot;">
      <![CDATA[java.lang.AssertionError: 
Expected: a string containing "\"laType\":\"propreitary"
     but: was "{"transactionId":"5f468110-f2d9-45d3-93fe-9f672473363f","output":{"projects":[{"organizationUUID":"20000","applicationUUID":"1031182205192","projectName":"Proj_Updated103118T220519"}]}}"
at org.hamcrest.MatcherAssert.assertThat(MatcherAssert.java:20)
at org.junit.Assert.assertThat(Assert.java:956)
at org.junit.Assert.assertThat(Assert.java:923)
at CMAC.CMAC_Projects.UpdateProject(CMAC_Projects.java:140)
at sun.reflect.NativeMethodAccessorImpl.invoke0(Native Method)
at sun.reflect.NativeMethodAccessorImpl.invoke(Unknown Source)
at sun.reflect.DelegatingMethodAccessorImpl.invoke(Unknown Source)
at java.lang.reflect.Method.invoke(Unknown Source)
at org.testng.internal.MethodInvocationHelper.invokeMethod(MethodInvocationHelper.java:124)
at org.testng.internal.Invoker.invokeMethod(Invoker.java:580)
at org.testng.internal.Invoker.invokeTestMethod(Invoker.java:716)
at org.testng.internal.TestMethodWithDataProviderMethodWorker.call(TestMethodWithDataProviderMethodWorker.java:71)
at org.testng.internal.TestMethodWithDataProviderMethodWorker.call(TestMethodWithDataProviderMethodWorker.java:14)
at java.util.concurrent.FutureTask.run(Unknown Source)
at java.util.concurrent.Executors$RunnableAdapter.call(Unknown Source)
at java.util.concurrent.FutureTask.run(Unknown Source)
at java.util.concurrent.ThreadPoolExecutor.runWorker(Unknown Source)
at java.util.concurrent.ThreadPoolExecutor$Worker.run(Unknown Source)
at java.lang.Thread.run(Unknown Source)
]]>
    </failure>
  </testcase> <!-- UpdateProject -->
  <testcase name="RetrieveProjectDetails" time="0.292" classname="CMAC.CMAC_Projects">
    <failure type="java.lang.AssertionError" message="
Expected: a string containing &quot;laType &quot;
     but: was &quot;{&quot;transactionId&quot;:&quot;a1b29f10-cd7d-4a0d-bbc0-3bccb3e71953&quot;,&quot;output&quot;:{&quot;projects&quot;:[{&quot;organizationUUID&quot;:&quot;20000&quot;,&quot;applicationUUID&quot;:&quot;1031182205194&quot;,&quot;projectName&quot;:&quot;Proj_Creation4 103118T220519&quot;}]}}&quot;">
      <![CDATA[java.lang.AssertionError: 
Expected: a string containing "laType "
     but: was "{"transactionId":"a1b29f10-cd7d-4a0d-bbc0-3bccb3e71953","output":{"projects":[{"organizationUUID":"20000","applicationUUID":"1031182205194","projectName":"Proj_Creation4 103118T220519"}]}}"
at org.hamcrest.MatcherAssert.assertThat(MatcherAssert.java:20)
at org.junit.Assert.assertThat(Assert.java:956)
at org.junit.Assert.assertThat(Assert.java:923)
at CMAC.CMAC_Projects.RetrieveProjectDetails(CMAC_Projects.java:122)
at sun.reflect.NativeMethodAccessorImpl.invoke0(Native Method)
at sun.reflect.NativeMethodAccessorImpl.invoke(Unknown Source)
at sun.reflect.DelegatingMethodAccessorImpl.invoke(Unknown Source)
at java.lang.reflect.Method.invoke(Unknown Source)
at org.testng.internal.MethodInvocationHelper.invokeMethod(MethodInvocationHelper.java:124)
at org.testng.internal.Invoker.invokeMethod(Invoker.java:580)
at org.testng.internal.Invoker.invokeTestMethod(Invoker.java:716)
at org.testng.internal.TestMethodWithDataProviderMethodWorker.call(TestMethodWithDataProviderMethodWorker.java:71)
at org.testng.internal.TestMethodWithDataProviderMethodWorker.call(TestMethodWithDataProviderMethodWorker.java:14)
at java.util.concurrent.FutureTask.run(Unknown Source)
at java.util.concurrent.Executors$RunnableAdapter.call(Unknown Source)
at java.util.concurrent.FutureTask.run(Unknown Source)
at java.util.concurrent.ThreadPoolExecutor.runWorker(Unknown Source)
at java.util.concurrent.ThreadPoolExecutor$Worker.run(Unknown Source)
at java.lang.Thread.run(Unknown Source)
]]>
    </failure>
  </testcase> <!-- RetrieveProjectDetails -->
  <testcase name="RetrieveProjectDetails" time="0.240" classname="CMAC.CMAC_Projects">
    <failure type="java.lang.AssertionError" message="
Expected: a string containing &quot;laType &quot;
     but: was &quot;{&quot;transactionId&quot;:&quot;796251b4-8a7b-4b1d-a718-74cd3fde12d5&quot;,&quot;output&quot;:{&quot;projects&quot;:[{&quot;organizationUUID&quot;:&quot;20000&quot;,&quot;applicationUUID&quot;:&quot;1031182205192&quot;,&quot;projectName&quot;:&quot;Proj_Creation2 103118T220519&quot;}]}}&quot;">
      <![CDATA[java.lang.AssertionError: 
Expected: a string containing "laType "
     but: was "{"transactionId":"796251b4-8a7b-4b1d-a718-74cd3fde12d5","output":{"projects":[{"organizationUUID":"20000","applicationUUID":"1031182205192","projectName":"Proj_Creation2 103118T220519"}]}}"
at org.hamcrest.MatcherAssert.assertThat(MatcherAssert.java:20)
at org.junit.Assert.assertThat(Assert.java:956)
at org.junit.Assert.assertThat(Assert.java:923)
at CMAC.CMAC_Projects.RetrieveProjectDetails(CMAC_Projects.java:122)
at sun.reflect.NativeMethodAccessorImpl.invoke0(Native Method)
at sun.reflect.NativeMethodAccessorImpl.invoke(Unknown Source)
at sun.reflect.DelegatingMethodAccessorImpl.invoke(Unknown Source)
at java.lang.reflect.Method.invoke(Unknown Source)
at org.testng.internal.MethodInvocationHelper.invokeMethod(MethodInvocationHelper.java:124)
at org.testng.internal.Invoker.invokeMethod(Invoker.java:580)
at org.testng.internal.Invoker.invokeTestMethod(Invoker.java:716)
at org.testng.internal.TestMethodWithDataProviderMethodWorker.call(TestMethodWithDataProviderMethodWorker.java:71)
at org.testng.internal.TestMethodWithDataProviderMethodWorker.call(TestMethodWithDataProviderMethodWorker.java:14)
at java.util.concurrent.FutureTask.run(Unknown Source)
at java.util.concurrent.Executors$RunnableAdapter.call(Unknown Source)
at java.util.concurrent.FutureTask.run(Unknown Source)
at java.util.concurrent.ThreadPoolExecutor.runWorker(Unknown Source)
at java.util.concurrent.ThreadPoolExecutor$Worker.run(Unknown Source)
at java.lang.Thread.run(Unknown Source)
]]>
    </failure>
  </testcase> <!-- RetrieveProjectDetails -->
  <testcase name="RetrieveProjectDetails" time="0.152" classname="CMAC.CMAC_Projects">
    <failure type="java.lang.AssertionError" message="
Expected: a string containing &quot;laType &quot;
     but: was &quot;{&quot;transactionId&quot;:&quot;b684ea66-e131-49bc-8d18-85031ac8aaef&quot;,&quot;output&quot;:{&quot;projects&quot;:[{&quot;organizationUUID&quot;:&quot;20000&quot;,&quot;applicationUUID&quot;:&quot;1031182205191&quot;,&quot;projectName&quot;:&quot;Proj_Creation1 103118T220519&quot;}]}}&quot;">
      <![CDATA[java.lang.AssertionError: 
Expected: a string containing "laType "
     but: was "{"transactionId":"b684ea66-e131-49bc-8d18-85031ac8aaef","output":{"projects":[{"organizationUUID":"20000","applicationUUID":"1031182205191","projectName":"Proj_Creation1 103118T220519"}]}}"
at org.hamcrest.MatcherAssert.assertThat(MatcherAssert.java:20)
at org.junit.Assert.assertThat(Assert.java:956)
at org.junit.Assert.assertThat(Assert.java:923)
at CMAC.CMAC_Projects.RetrieveProjectDetails(CMAC_Projects.java:122)
at sun.reflect.NativeMethodAccessorImpl.invoke0(Native Method)
at sun.reflect.NativeMethodAccessorImpl.invoke(Unknown Source)
at sun.reflect.DelegatingMethodAccessorImpl.invoke(Unknown Source)
at java.lang.reflect.Method.invoke(Unknown Source)
at org.testng.internal.MethodInvocationHelper.invokeMethod(MethodInvocationHelper.java:124)
at org.testng.internal.Invoker.invokeMethod(Invoker.java:580)
at org.testng.internal.Invoker.invokeTestMethod(Invoker.java:716)
at org.testng.internal.TestMethodWithDataProviderMethodWorker.call(TestMethodWithDataProviderMethodWorker.java:71)
at org.testng.internal.TestMethodWithDataProviderMethodWorker.call(TestMethodWithDataProviderMethodWorker.java:14)
at java.util.concurrent.FutureTask.run(Unknown Source)
at java.util.concurrent.Executors$RunnableAdapter.call(Unknown Source)
at java.util.concurrent.FutureTask.run(Unknown Source)
at java.util.concurrent.ThreadPoolExecutor.runWorker(Unknown Source)
at java.util.concurrent.ThreadPoolExecutor$Worker.run(Unknown Source)
at java.lang.Thread.run(Unknown Source)
]]>
    </failure>
  </testcase> <!-- RetrieveProjectDetails -->
  <testcase name="UpdateProject" time="0.538" classname="CMAC.CMAC_Projects">
    <failure type="java.lang.AssertionError" message="
Expected: a string containing &quot;\&quot;laType\&quot;:\&quot;propreitary&quot;
     but: was &quot;{&quot;transactionId&quot;:&quot;d4997c78-ec60-40e5-8969-04ba7d028662&quot;,&quot;output&quot;:{&quot;projects&quot;:[{&quot;organizationUUID&quot;:&quot;20000&quot;,&quot;applicationUUID&quot;:&quot;1031182205191&quot;,&quot;projectName&quot;:&quot;Proj_Updated103118T220519&quot;}]}}&quot;">
      <![CDATA[java.lang.AssertionError: 
Expected: a string containing "\"laType\":\"propreitary"
     but: was "{"transactionId":"d4997c78-ec60-40e5-8969-04ba7d028662","output":{"projects":[{"organizationUUID":"20000","applicationUUID":"1031182205191","projectName":"Proj_Updated103118T220519"}]}}"
at org.hamcrest.MatcherAssert.assertThat(MatcherAssert.java:20)
at org.junit.Assert.assertThat(Assert.java:956)
at org.junit.Assert.assertThat(Assert.java:923)
at CMAC.CMAC_Projects.UpdateProject(CMAC_Projects.java:140)
at sun.reflect.NativeMethodAccessorImpl.invoke0(Native Method)
at sun.reflect.NativeMethodAccessorImpl.invoke(Unknown Source)
at sun.reflect.DelegatingMethodAccessorImpl.invoke(Unknown Source)
at java.lang.reflect.Method.invoke(Unknown Source)
at org.testng.internal.MethodInvocationHelper.invokeMethod(MethodInvocationHelper.java:124)
at org.testng.internal.Invoker.invokeMethod(Invoker.java:580)
at org.testng.internal.Invoker.invokeTestMethod(Invoker.java:716)
at org.testng.internal.TestMethodWithDataProviderMethodWorker.call(TestMethodWithDataProviderMethodWorker.java:71)
at org.testng.internal.TestMethodWithDataProviderMethodWorker.call(TestMethodWithDataProviderMethodWorker.java:14)
at java.util.concurrent.FutureTask.run(Unknown Source)
at java.util.concurrent.Executors$RunnableAdapter.call(Unknown Source)
at java.util.concurrent.FutureTask.run(Unknown Source)
at java.util.concurrent.ThreadPoolExecutor.runWorker(Unknown Source)
at java.util.concurrent.ThreadPoolExecutor$Worker.run(Unknown Source)
at java.lang.Thread.run(Unknown Source)
]]>
    </failure>
  </testcase> <!-- UpdateProject -->
  <testcase name="UpdateProject" time="0.726" classname="CMAC.CMAC_Projects">
    <failure type="java.lang.AssertionError" message="
Expected: a string containing &quot;\&quot;laType\&quot;:\&quot;propreitary&quot;
     but: was &quot;{&quot;transactionId&quot;:&quot;94ddadb0-22aa-47cd-b34b-6a1357eb594f&quot;,&quot;output&quot;:{&quot;projects&quot;:[{&quot;organizationUUID&quot;:&quot;20000&quot;,&quot;applicationUUID&quot;:&quot;1031182205194&quot;,&quot;projectName&quot;:&quot;Proj_Updated103118T220519&quot;}]}}&quot;">
      <![CDATA[java.lang.AssertionError: 
Expected: a string containing "\"laType\":\"propreitary"
     but: was "{"transactionId":"94ddadb0-22aa-47cd-b34b-6a1357eb594f","output":{"projects":[{"organizationUUID":"20000","applicationUUID":"1031182205194","projectName":"Proj_Updated103118T220519"}]}}"
at org.hamcrest.MatcherAssert.assertThat(MatcherAssert.java:20)
at org.junit.Assert.assertThat(Assert.java:956)
at org.junit.Assert.assertThat(Assert.java:923)
at CMAC.CMAC_Projects.UpdateProject(CMAC_Projects.java:140)
at sun.reflect.NativeMethodAccessorImpl.invoke0(Native Method)
at sun.reflect.NativeMethodAccessorImpl.invoke(Unknown Source)
at sun.reflect.DelegatingMethodAccessorImpl.invoke(Unknown Source)
at java.lang.reflect.Method.invoke(Unknown Source)
at org.testng.internal.MethodInvocationHelper.invokeMethod(MethodInvocationHelper.java:124)
at org.testng.internal.Invoker.invokeMethod(Invoker.java:580)
at org.testng.internal.Invoker.invokeTestMethod(Invoker.java:716)
at org.testng.internal.TestMethodWithDataProviderMethodWorker.call(TestMethodWithDataProviderMethodWorker.java:71)
at org.testng.internal.TestMethodWithDataProviderMethodWorker.call(TestMethodWithDataProviderMethodWorker.java:14)
at java.util.concurrent.FutureTask.run(Unknown Source)
at java.util.concurrent.Executors$RunnableAdapter.call(Unknown Source)
at java.util.concurrent.FutureTask.run(Unknown Source)
at java.util.concurrent.ThreadPoolExecutor.runWorker(Unknown Source)
at java.util.concurrent.ThreadPoolExecutor$Worker.run(Unknown Source)
at java.lang.Thread.run(Unknown Source)
]]>
    </failure>
  </testcase> <!-- UpdateProject -->
  <testcase name="RetrieveProjectDetails" time="0.196" classname="CMAC.CMAC_Projects">
    <failure type="java.lang.AssertionError" message="
Expected: a string containing &quot;laType &quot;
     but: was &quot;{&quot;transactionId&quot;:&quot;dbe8cb42-6c98-4761-b4de-b5acdd64a9a2&quot;,&quot;output&quot;:{&quot;projects&quot;:[{&quot;organizationUUID&quot;:&quot;20000&quot;,&quot;applicationUUID&quot;:&quot;1031182205193&quot;,&quot;projectName&quot;:&quot;Proj_Creation3 103118T220519&quot;}]}}&quot;">
      <![CDATA[java.lang.AssertionError: 
Expected: a string containing "laType "
     but: was "{"transactionId":"dbe8cb42-6c98-4761-b4de-b5acdd64a9a2","output":{"projects":[{"organizationUUID":"20000","applicationUUID":"1031182205193","projectName":"Proj_Creation3 103118T220519"}]}}"
at org.hamcrest.MatcherAssert.assertThat(MatcherAssert.java:20)
at org.junit.Assert.assertThat(Assert.java:956)
at org.junit.Assert.assertThat(Assert.java:923)
at CMAC.CMAC_Projects.RetrieveProjectDetails(CMAC_Projects.java:122)
at sun.reflect.NativeMethodAccessorImpl.invoke0(Native Method)
at sun.reflect.NativeMethodAccessorImpl.invoke(Unknown Source)
at sun.reflect.DelegatingMethodAccessorImpl.invoke(Unknown Source)
at java.lang.reflect.Method.invoke(Unknown Source)
at org.testng.internal.MethodInvocationHelper.invokeMethod(MethodInvocationHelper.java:124)
at org.testng.internal.Invoker.invokeMethod(Invoker.java:580)
at org.testng.internal.Invoker.invokeTestMethod(Invoker.java:716)
at org.testng.internal.TestMethodWithDataProviderMethodWorker.call(TestMethodWithDataProviderMethodWorker.java:71)
at org.testng.internal.TestMethodWithDataProviderMethodWorker.call(TestMethodWithDataProviderMethodWorker.java:14)
at java.util.concurrent.FutureTask.run(Unknown Source)
at java.util.concurrent.Executors$RunnableAdapter.call(Unknown Source)
at java.util.concurrent.FutureTask.run(Unknown Source)
at java.util.concurrent.ThreadPoolExecutor.runWorker(Unknown Source)
at java.util.concurrent.ThreadPoolExecutor$Worker.run(Unknown Source)
at java.lang.Thread.run(Unknown Source)
]]>
    </failure>
  </testcase> <!-- RetrieveProjectDetails -->
  <testcase name="RetrieveProjectSummary" time="0.296" classname="CMAC.CMAC_Projects">
    <failure type="java.lang.AssertionError" message="
Expected: a string containing &quot;laType &quot;
     but: was &quot;{&quot;transactionId&quot;:&quot;7979659c-f18f-4464-a625-e9bb92958466&quot;,&quot;output&quot;:{&quot;projects&quot;:[{&quot;organizationUUID&quot;:&quot;20000&quot;,&quot;applicationUUID&quot;:&quot;1031182205191&quot;,&quot;projectName&quot;:&quot;Proj_Creation1 103118T220519&quot;},{&quot;organizationUUID&quot;:&quot;20000&quot;,&quot;applicationUUID&quot;:&quot;1031182205193&quot;,&quot;projectName&quot;:&quot;Proj_Creation3 103118T220519&quot;},{&quot;organizationUUID&quot;:&quot;20000&quot;,&quot;applicationUUID&quot;:&quot;1031182205192&quot;,&quot;projectName&quot;:&quot;Proj_Creation2 103118T220519&quot;},{&quot;organizationUUID&quot;:&quot;20000&quot;,&quot;applicationUUID&quot;:&quot;1031182205194&quot;,&quot;projectName&quot;:&quot;Proj_Creation4 103118T220519&quot;}]}}&quot;">
      <![CDATA[java.lang.AssertionError: 
Expected: a string containing "laType "
     but: was "{"transactionId":"7979659c-f18f-4464-a625-e9bb92958466","output":{"projects":[{"organizationUUID":"20000","applicationUUID":"1031182205191","projectName":"Proj_Creation1 103118T220519"},{"organizationUUID":"20000","applicationUUID":"1031182205193","projectName":"Proj_Creation3 103118T220519"},{"organizationUUID":"20000","applicationUUID":"1031182205192","projectName":"Proj_Creation2 103118T220519"},{"organizationUUID":"20000","applicationUUID":"1031182205194","projectName":"Proj_Creation4 103118T220519"}]}}"
at org.hamcrest.MatcherAssert.assertThat(MatcherAssert.java:20)
at org.junit.Assert.assertThat(Assert.java:956)
at org.junit.Assert.assertThat(Assert.java:923)
at CMAC.CMAC_Projects.RetrieveProjectSummary(CMAC_Projects.java:108)
at sun.reflect.NativeMethodAccessorImpl.invoke0(Native Method)
at sun.reflect.NativeMethodAccessorImpl.invoke(Unknown Source)
at sun.reflect.DelegatingMethodAccessorImpl.invoke(Unknown Source)
at java.lang.reflect.Method.invoke(Unknown Source)
at org.testng.internal.MethodInvocationHelper.invokeMethod(MethodInvocationHelper.java:124)
at org.testng.internal.Invoker.invokeMethod(Invoker.java:580)
at org.testng.internal.Invoker.invokeTestMethod(Invoker.java:716)
at org.testng.internal.TestMethodWithDataProviderMethodWorker.call(TestMethodWithDataProviderMethodWorker.java:71)
at org.testng.internal.TestMethodWithDataProviderMethodWorker.call(TestMethodWithDataProviderMethodWorker.java:14)
at java.util.concurrent.FutureTask.run(Unknown Source)
at java.util.concurrent.Executors$RunnableAdapter.call(Unknown Source)
at java.util.concurrent.FutureTask.run(Unknown Source)
at java.util.concurrent.ThreadPoolExecutor.runWorker(Unknown Source)
at java.util.concurrent.ThreadPoolExecutor$Worker.run(Unknown Source)
at java.lang.Thread.run(Unknown Source)
]]>
    </failure>
  </testcase> <!-- RetrieveProjectSummary -->
  <testcase name="DeleteProject" time="0.132" classname="CMAC.CMAC_Projects"/>
  <testcase name="DeleteProject" time="0.755" classname="CMAC.CMAC_Projects"/>
  <testcase name="DeleteProject" time="0.915" classname="CMAC.CMAC_Projects"/>
  <testcase name="DeleteProject" time="0.614" classname="CMAC.CMAC_Projects"/>
</testsuite> <!-- CMAC.CMAC_Projects -->
