<?xml version="1.0" encoding="UTF-8"?>
<!-- Generated by org.testng.reporters.JUnitReportReporter -->
<testsuite skipped="0" hostname="WTC-5159473-l2" name="TestNG.CMAC" tests="17" failures="0" timestamp="26 Oct 2018 02:42:52 GMT" time="14.048" errors="0">
  <testcase name="CreateProject" time="1.234" classname="TestNG.CMAC"/>
  <testcase name="CreateProject" time="1.594" classname="TestNG.CMAC"/>
  <testcase name="CreateProject" time="1.518" classname="TestNG.CMAC"/>
  <testcase name="CreateProject" time="1.374" classname="TestNG.CMAC"/>
  <testcase name="UpdateProject" time="0.722" classname="TestNG.CMAC"/>
  <testcase name="UpdateProject" time="1.026" classname="TestNG.CMAC"/>
  <testcase name="RetrieveProjectDetails" time="0.224" classname="TestNG.CMAC"/>
  <testcase name="RetrieveProjectDetails" time="0.300" classname="TestNG.CMAC"/>
  <testcase name="UpdateProject" time="0.578" classname="TestNG.CMAC"/>
  <testcase name="UpdateProject" time="0.866" classname="TestNG.CMAC"/>
  <testcase name="RetrieveProjectDetails" time="0.136" classname="TestNG.CMAC"/>
  <testcase name="RetrieveProjectSummary" time="0.092" classname="TestNG.CMAC"/>
  <testcase name="RetrieveProjectDetails" time="0.444" classname="TestNG.CMAC"/>
  <testcase name="DeleteProject" time="1.058" classname="TestNG.CMAC"/>
  <testcase name="DeleteProject" time="1.218" classname="TestNG.CMAC"/>
  <testcase name="DeleteProject" time="0.750" classname="TestNG.CMAC"/>
  <testcase name="DeleteProject" time="0.914" classname="TestNG.CMAC"/>
</testsuite> <!-- TestNG.CMAC -->
