<?xml version="1.0" encoding="UTF-8"?>
<!-- Generated by org.testng.reporters.JUnitReportReporter -->
<testsuite skipped="0" hostname="WTC-5159473-l2" name="WaterfallApplications.WPRL" tests="1" failures="0" timestamp="19 Oct 2018 01:46:48 GMT" time="230.832" errors="0">
  <testcase name="WPRL_Contact_Admin" time="230.832" classname="WaterfallApplications.WPRL"/>
</testsuite> <!-- WaterfallApplications.WPRL -->
