<?xml version="1.0" encoding="UTF-8"?>
<!-- Generated by org.testng.reporters.JUnitReportReporter -->
<testsuite skipped="0" hostname="WTC-5159473-l2" name="CMAC.CMAC_Projects" tests="4" failures="0" timestamp="01 Nov 2018 15:25:10 GMT" time="0.427" errors="0">
  <testcase name="CreateProject" time="0.118" classname="CMAC.CMAC_Projects"/>
  <testcase name="CreateProject" time="0.072" classname="CMAC.CMAC_Projects"/>
  <testcase name="CreateProject" time="0.134" classname="CMAC.CMAC_Projects"/>
  <testcase name="CreateProject" time="0.103" classname="CMAC.CMAC_Projects"/>
</testsuite> <!-- CMAC.CMAC_Projects -->
