<?xml version="1.0" encoding="UTF-8"?>
<!-- Generated by org.testng.reporters.JUnitReportReporter -->
<testsuite skipped="1" hostname="WTC-5159473-l2" name="TestNG.MFAC" tests="19" failures="0" timestamp="06 Nov 2018 17:43:58 GMT" time="1267.992" errors="0">
  <testcase name="IssuePinExpiration" time="0.610" classname="TestNG.MFAC"/>
  <testcase name="IssuePinExpiration" time="0.746" classname="TestNG.MFAC"/>
  <testcase name="AdditionalEnrollmentExpiration" time="0.523" classname="TestNG.MFAC"/>
  <testcase name="AdditionalEnrollmentExpiration" time="0.360" classname="TestNG.MFAC"/>
  <testcase name="VerifyPinValid" time="0.726" classname="TestNG.MFAC"/>
  <testcase name="VerifyPinVelocity" time="6.879" classname="TestNG.MFAC"/>
  <testcase name="AddressVelocity" time="8.924" classname="TestNG.MFAC"/>
  <testcase name="IssuePin" time="5.592" classname="TestNG.MFAC"/>
  <testcase name="VerifyPinNoLongerValid" time="3.107" classname="TestNG.MFAC"/>
  <testcase name="VerifyPinVelocity" time="7.325" classname="TestNG.MFAC"/>
  <testcase name="VerifyPinValid" time="2.263" classname="TestNG.MFAC"/>
  <testcase name="IssuePin" time="7.405" classname="TestNG.MFAC"/>
  <testcase name="VerifyPinNoLongerValid" time="3.776" classname="TestNG.MFAC"/>
  <testcase name="AddressVelocity" time="8.391" classname="TestNG.MFAC"/>
  <testcase name="IssuePinVelocity" time="4.365" classname="TestNG.MFAC"/>
  <testcase name="IssuePinVelocity" time="6.501" classname="TestNG.MFAC"/>
  <testcase name="AdditionalEnrollmentExpirationValidate" time="600.229" classname="TestNG.MFAC"/>
  <testcase name="IssuePinExpirationValidate" time="600.270" classname="TestNG.MFAC"/>
  <testcase name="DetermineLockoutTime" classname="TestNG.MFAC">
    <skipped/>
  </testcase> <!-- DetermineLockoutTime -->
</testsuite> <!-- TestNG.MFAC -->
