<?xml version="1.0" encoding="UTF-8"?>
<!-- Generated by org.testng.reporters.JUnitReportReporter -->
<testsuite skipped="0" hostname="WTC-5159473-l2" name="MFAC.MFAC" tests="32" failures="0" timestamp="14 Nov 2018 17:52:41 GMT" time="521.759" errors="0">
  <testcase name="VerifyPinValid" time="8.878" classname="MFAC.MFAC"/>
  <testcase name="AddressVelocity" time="25.655" classname="MFAC.MFAC"/>
  <testcase name="VerifyPinVelocity" time="21.358" classname="MFAC.MFAC"/>
  <testcase name="AddressVelocity" time="24.644" classname="MFAC.MFAC"/>
  <testcase name="VerifyPinValid" time="10.816" classname="MFAC.MFAC"/>
  <testcase name="VerifyPinVelocity" time="22.845" classname="MFAC.MFAC"/>
  <testcase name="IssuePin" time="4.809" classname="MFAC.MFAC"/>
  <testcase name="VerifyPinVelocity" time="20.640" classname="MFAC.MFAC"/>
  <testcase name="VerifyPinNoLongerValid" time="24.426" classname="MFAC.MFAC"/>
  <testcase name="VerifyPinVelocity" time="13.213" classname="MFAC.MFAC"/>
  <testcase name="IssuePin" time="2.847" classname="MFAC.MFAC"/>
  <testcase name="IssuePin" time="6.369" classname="MFAC.MFAC"/>
  <testcase name="VerifyPinVelocity" time="22.950" classname="MFAC.MFAC"/>
  <testcase name="VerifyPinValid" time="7.782" classname="MFAC.MFAC"/>
  <testcase name="IssuePinVelocity" time="17.285" classname="MFAC.MFAC"/>
  <testcase name="VerifyPinVelocity" time="3.745" classname="MFAC.MFAC"/>
  <testcase name="VerifyPinVelocity" time="21.130" classname="MFAC.MFAC"/>
  <testcase name="VerifyPinVelocity" time="25.336" classname="MFAC.MFAC"/>
  <testcase name="VerifyPinNoLongerValid" time="16.101" classname="MFAC.MFAC"/>
  <testcase name="AddressVelocity" time="24.188" classname="MFAC.MFAC"/>
  <testcase name="VerifyPinNoLongerValid" time="14.034" classname="MFAC.MFAC"/>
  <testcase name="IssuePinVelocity" time="18.417" classname="MFAC.MFAC"/>
  <testcase name="IssuePinVelocity" time="14.524" classname="MFAC.MFAC"/>
  <testcase name="VerifyPinVelocity" time="13.940" classname="MFAC.MFAC"/>
  <testcase name="IssuePinVelocity" time="21.500" classname="MFAC.MFAC"/>
  <testcase name="VerifyPinVelocity" time="9.490" classname="MFAC.MFAC"/>
  <testcase name="VerifyPinVelocity" time="22.090" classname="MFAC.MFAC"/>
  <testcase name="VerifyPinNoLongerValid" time="19.189" classname="MFAC.MFAC"/>
  <testcase name="AddressVelocity" time="23.768" classname="MFAC.MFAC"/>
  <testcase name="IssuePin" time="2.560" classname="MFAC.MFAC"/>
  <testcase name="VerifyPinValid" time="16.212" classname="MFAC.MFAC"/>
  <testcase name="VerifyPinVelocity" time="21.018" classname="MFAC.MFAC"/>
</testsuite> <!-- MFAC.MFAC -->
