<?xml version="1.0" encoding="UTF-8"?>
<!-- Generated by org.testng.reporters.JUnitReportReporter -->
<testsuite skipped="5" hostname="WTC-5159473-l2" name="TestNG.MFAC" tests="65" failures="0" timestamp="30 Oct 2018 17:07:24 GMT" time="1841.917" errors="0">
  <testcase name="VerifyPinNoLongerValid" time="35.168" classname="TestNG.MFAC"/>
  <testcase name="IssuePin" time="12.648" classname="TestNG.MFAC"/>
  <testcase name="IssuePinVelocity" time="30.847" classname="TestNG.MFAC"/>
  <testcase name="IssuePinVelocity" time="30.323" classname="TestNG.MFAC"/>
  <testcase name="VerifyPinNoLongerValid" time="34.871" classname="TestNG.MFAC"/>
  <testcase name="VerifyPinNoLongerValid" time="38.239" classname="TestNG.MFAC"/>
  <testcase name="VerifyPinVelocity" time="43.361" classname="TestNG.MFAC"/>
  <testcase name="IssuePinVelocity" time="27.953" classname="TestNG.MFAC"/>
  <testcase name="VerifyPinNoLongerValid" time="37.001" classname="TestNG.MFAC"/>
  <testcase name="VerifyPinValid" time="18.048" classname="TestNG.MFAC"/>
  <testcase name="VerifyPinValid" time="22.991" classname="TestNG.MFAC"/>
  <testcase name="AddressVelocity" time="42.755" classname="TestNG.MFAC"/>
  <testcase name="AddressVelocity" time="46.781" classname="TestNG.MFAC"/>
  <testcase name="VerifyPinValid" time="10.286" classname="TestNG.MFAC"/>
  <testcase name="IssuePin" time="13.461" classname="TestNG.MFAC"/>
  <testcase name="IssuePin" time="3.570" classname="TestNG.MFAC"/>
  <testcase name="IssuePinVelocity" time="37.792" classname="TestNG.MFAC"/>
  <testcase name="VerifyPinValid" time="5.619" classname="TestNG.MFAC"/>
  <testcase name="IssuePin" time="12.394" classname="TestNG.MFAC"/>
  <testcase name="AddressVelocity" time="48.914" classname="TestNG.MFAC"/>
  <testcase name="IssuePinVelocity" time="37.453" classname="TestNG.MFAC"/>
  <testcase name="AddressVelocity" time="49.104" classname="TestNG.MFAC"/>
  <testcase name="IssuePinVelocity" time="37.332" classname="TestNG.MFAC"/>
  <testcase name="VerifyPinValid" time="22.890" classname="TestNG.MFAC"/>
  <testcase name="IssuePinVelocity" time="36.348" classname="TestNG.MFAC"/>
  <testcase name="IssuePinVelocity" time="37.619" classname="TestNG.MFAC"/>
  <testcase name="VerifyPinVelocity" time="25.503" classname="TestNG.MFAC"/>
  <testcase name="IssuePin" time="11.246" classname="TestNG.MFAC"/>
  <testcase name="AddressVelocity" time="46.933" classname="TestNG.MFAC"/>
  <testcase name="VerifyPinValid" time="22.669" classname="TestNG.MFAC"/>
  <testcase name="VerifyPinVelocity" time="33.806" classname="TestNG.MFAC"/>
  <testcase name="AddressVelocity" time="47.222" classname="TestNG.MFAC"/>
  <testcase name="IssuePin" time="13.058" classname="TestNG.MFAC"/>
  <testcase name="VerifyPinValid" time="6.970" classname="TestNG.MFAC"/>
  <testcase name="IssuePin" time="12.876" classname="TestNG.MFAC"/>
  <testcase name="VerifyPinNoLongerValid" time="29.683" classname="TestNG.MFAC"/>
  <testcase name="VerifyPinVelocity" time="41.049" classname="TestNG.MFAC"/>
  <testcase name="AddressVelocity" time="47.888" classname="TestNG.MFAC"/>
  <testcase name="IssuePin" time="12.230" classname="TestNG.MFAC"/>
  <testcase name="VerifyPinValid" time="19.725" classname="TestNG.MFAC"/>
  <testcase name="VerifyPinVelocity" time="37.937" classname="TestNG.MFAC"/>
  <testcase name="AddressVelocity" time="48.786" classname="TestNG.MFAC"/>
  <testcase name="IssuePin" time="13.239" classname="TestNG.MFAC"/>
  <testcase name="AddressVelocity" time="47.722" classname="TestNG.MFAC"/>
  <testcase name="AddressVelocity" time="48.226" classname="TestNG.MFAC"/>
  <testcase name="VerifyPinVelocity" time="36.227" classname="TestNG.MFAC"/>
  <testcase name="VerifyPinNoLongerValid" time="35.685" classname="TestNG.MFAC"/>
  <testcase name="VerifyPinVelocity" time="43.637" classname="TestNG.MFAC"/>
  <testcase name="IssuePin" time="12.053" classname="TestNG.MFAC"/>
  <testcase name="VerifyPinValid" time="13.903" classname="TestNG.MFAC"/>
  <testcase name="VerifyPinNoLongerValid" time="36.700" classname="TestNG.MFAC"/>
  <testcase name="VerifyPinNoLongerValid" time="37.083" classname="TestNG.MFAC"/>
  <testcase name="VerifyPinVelocity" time="43.060" classname="TestNG.MFAC"/>
  <testcase name="IssuePinVelocity" time="38.078" classname="TestNG.MFAC"/>
  <testcase name="IssuePinVelocity" time="35.608" classname="TestNG.MFAC"/>
  <testcase name="VerifyPinNoLongerValid" time="29.774" classname="TestNG.MFAC"/>
  <testcase name="VerifyPinNoLongerValid" time="32.594" classname="TestNG.MFAC"/>
  <testcase name="VerifyPinVelocity" time="40.928" classname="TestNG.MFAC"/>
  <testcase name="VerifyPinVelocity" time="43.276" classname="TestNG.MFAC"/>
  <testcase name="VerifyPinValid" time="22.775" classname="TestNG.MFAC"/>
  <testcase name="IssuePinExpiration" classname="TestNG.MFAC">
    <skipped/>
  </testcase> <!-- IssuePinExpiration -->
  <testcase name="AdditionalEnrollmentExpiration" classname="TestNG.MFAC">
    <skipped/>
  </testcase> <!-- AdditionalEnrollmentExpiration -->
  <testcase name="DetermineLockoutTime" classname="TestNG.MFAC">
    <skipped/>
  </testcase> <!-- DetermineLockoutTime -->
  <testcase name="AdditionalEnrollmentExpirationValidate" classname="TestNG.MFAC">
    <skipped/>
  </testcase> <!-- AdditionalEnrollmentExpirationValidate -->
  <testcase name="IssuePinExpirationValidate" classname="TestNG.MFAC">
    <skipped/>
  </testcase> <!-- IssuePinExpirationValidate -->
</testsuite> <!-- TestNG.MFAC -->
