<?xml version="1.0" encoding="UTF-8"?>
<!-- Generated by org.testng.reporters.JUnitReportReporter -->
<testsuite skipped="1" hostname="WTC-5159473-l2" name="TestNG.MFAC" tests="20" failures="0" timestamp="30 Oct 2018 19:48:12 GMT" time="3243.670" errors="0">
  <testcase name="AdditionalEnrollmentExpiration" time="2.254" classname="TestNG.MFAC"/>
  <testcase name="IssuePinExpiration" time="1.707" classname="TestNG.MFAC"/>
  <testcase name="IssuePinExpiration" time="1.911" classname="TestNG.MFAC"/>
  <testcase name="AdditionalEnrollmentExpiration" time="2.352" classname="TestNG.MFAC"/>
  <testcase name="AddressVelocity" time="7.369" classname="TestNG.MFAC"/>
  <testcase name="IssuePinVelocity" time="4.542" classname="TestNG.MFAC"/>
  <testcase name="IssuePin" time="2.012" classname="TestNG.MFAC"/>
  <testcase name="VerifyPinNoLongerValid" time="3.956" classname="TestNG.MFAC"/>
  <testcase name="VerifyPinValid" time="2.138" classname="TestNG.MFAC"/>
  <testcase name="AddressVelocity" time="7.507" classname="TestNG.MFAC"/>
  <testcase name="VerifyPinVelocity" time="5.872" classname="TestNG.MFAC"/>
  <testcase name="VerifyPinNoLongerValid" time="4.861" classname="TestNG.MFAC"/>
  <testcase name="VerifyPinVelocity" time="6.321" classname="TestNG.MFAC"/>
  <testcase name="IssuePin" time="1.837" classname="TestNG.MFAC"/>
  <testcase name="VerifyPinValid" time="2.358" classname="TestNG.MFAC"/>
  <testcase name="IssuePinVelocity" time="5.607" classname="TestNG.MFAC"/>
  <testcase name="AdditionalEnrollmentExpirationValidate" time="660.402" classname="TestNG.MFAC"/>
  <testcase name="IssuePinExpirationValidate" time="1860.403" classname="TestNG.MFAC"/>
  <testcase name="IssuePinExpirationValidate" time="660.261" classname="TestNG.MFAC"/>
  <testcase name="DetermineLockoutTime" classname="TestNG.MFAC">
    <skipped/>
  </testcase> <!-- DetermineLockoutTime -->
</testsuite> <!-- TestNG.MFAC -->
