<?xml version="1.0" encoding="UTF-8"?>
<!-- Generated by org.testng.reporters.JUnitReportReporter -->
<testsuite skipped="0" hostname="WTC-5159473-l2" name="CMAC.CMAC_Projects" tests="29" failures="0" timestamp="06 Nov 2018 21:52:42 GMT" time="3.914" errors="0">
  <testcase name="CreateProject" time="0.071" classname="CMAC.CMAC_Projects"/>
  <testcase name="CreateProject" time="0.073" classname="CMAC.CMAC_Projects"/>
  <testcase name="CreateProject" time="0.115" classname="CMAC.CMAC_Projects"/>
  <testcase name="CreateProject" time="0.100" classname="CMAC.CMAC_Projects"/>
  <testcase name="UpdateProject" time="0.158" classname="CMAC.CMAC_Projects"/>
  <testcase name="UpdateProject" time="0.052" classname="CMAC.CMAC_Projects"/>
  <testcase name="RetrieveProjectDetails" time="0.172" classname="CMAC.CMAC_Projects"/>
  <testcase name="UpdateProject" time="0.232" classname="CMAC.CMAC_Projects"/>
  <testcase name="UpdateProject" time="0.116" classname="CMAC.CMAC_Projects"/>
  <testcase name="RetrieveProjectDetails" time="0.132" classname="CMAC.CMAC_Projects"/>
  <testcase name="RetrieveProjectDetails" time="0.040" classname="CMAC.CMAC_Projects"/>
  <testcase name="UpdateProject" time="0.249" classname="CMAC.CMAC_Projects"/>
  <testcase name="RetrieveProjectDetails" time="0.067" classname="CMAC.CMAC_Projects"/>
  <testcase name="RetrieveProjectSummary" time="0.013" classname="CMAC.CMAC_Projects"/>
  <testcase name="UpdateProject" time="0.216" classname="CMAC.CMAC_Projects"/>
  <testcase name="RetrieveProjectDetails" time="0.032" classname="CMAC.CMAC_Projects"/>
  <testcase name="RetrieveProjectDetails" time="0.132" classname="CMAC.CMAC_Projects"/>
  <testcase name="UpdateProject" time="0.195" classname="CMAC.CMAC_Projects"/>
  <testcase name="RetrieveProjectDetails" time="0.153" classname="CMAC.CMAC_Projects"/>
  <testcase name="UpdateProject" time="0.084" classname="CMAC.CMAC_Projects"/>
  <testcase name="RetrieveProjectDetails" time="0.075" classname="CMAC.CMAC_Projects"/>
  <testcase name="DeleteProject" time="0.239" classname="CMAC.CMAC_Projects"/>
  <testcase name="DeleteProject" time="0.224" classname="CMAC.CMAC_Projects"/>
  <testcase name="DeleteProject" time="0.246" classname="CMAC.CMAC_Projects"/>
  <testcase name="DeleteProject" time="0.050" classname="CMAC.CMAC_Projects"/>
  <testcase name="DeleteProject" time="0.154" classname="CMAC.CMAC_Projects"/>
  <testcase name="DeleteProject" time="0.179" classname="CMAC.CMAC_Projects"/>
  <testcase name="DeleteProject" time="0.097" classname="CMAC.CMAC_Projects"/>
  <testcase name="DeleteProject" time="0.248" classname="CMAC.CMAC_Projects"/>
</testsuite> <!-- CMAC.CMAC_Projects -->
