<?xml version="1.0" encoding="UTF-8"?>
<!-- Generated by org.testng.reporters.JUnitReportReporter -->
<testsuite skipped="1" hostname="WTC-5159473-l2" name="CMAC.CMAC_Company" tests="9" failures="0" timestamp="12 Nov 2018 16:58:28 GMT" time="2.961" errors="0">
  <testcase name="CreateCompany" time="1.304" classname="CMAC.CMAC_Company"/>
  <testcase name="CreateCompany" time="1.334" classname="CMAC.CMAC_Company"/>
  <testcase name="RetrieveCompanybyCompanycd" time="0.072" classname="CMAC.CMAC_Company"/>
  <testcase name="RetrieveCompanybyOrganizationUUID" time="0.024" classname="CMAC.CMAC_Company"/>
  <testcase name="RetrieveCompanybyOrganizationUUID" time="0.040" classname="CMAC.CMAC_Company"/>
  <testcase name="RetrieveCompanybyCompanycd" time="0.044" classname="CMAC.CMAC_Company"/>
  <testcase name="DeleteCompanybyCompanycd" time="0.060" classname="CMAC.CMAC_Company"/>
  <testcase name="DeleteCompanybyOrganizationUUID" time="0.083" classname="CMAC.CMAC_Company"/>
  <testcase name="UpdateCompany" classname="CMAC.CMAC_Company">
    <skipped/>
  </testcase> <!-- UpdateCompany -->
</testsuite> <!-- CMAC.CMAC_Company -->
