<?xml version="1.0" encoding="UTF-8"?>
<!-- Generated by org.testng.reporters.JUnitReportReporter -->
<testsuite skipped="5" hostname="WTC-5159473-l2" name="TestNG.MFAC" tests="29" failures="0" timestamp="25 Oct 2018 04:49:16 GMT" time="397.487" errors="0">
  <testcase name="IssuePin" time="0.677" classname="TestNG.MFAC"/>
  <testcase name="IssuePin" time="3.024" classname="TestNG.MFAC"/>
  <testcase name="AddressVelocity" time="27.321" classname="TestNG.MFAC"/>
  <testcase name="AddressVelocity" time="27.556" classname="TestNG.MFAC"/>
  <testcase name="VerifyPinVelocity" time="24.015" classname="TestNG.MFAC"/>
  <testcase name="VerifyPinNoLongerValid" time="17.617" classname="TestNG.MFAC"/>
  <testcase name="IssuePinVelocity" time="19.430" classname="TestNG.MFAC"/>
  <testcase name="AddressVelocity" time="27.759" classname="TestNG.MFAC"/>
  <testcase name="VerifyPinValid" time="11.597" classname="TestNG.MFAC"/>
  <testcase name="IssuePin" time="7.497" classname="TestNG.MFAC"/>
  <testcase name="VerifyPinValid" time="8.620" classname="TestNG.MFAC"/>
  <testcase name="VerifyPinNoLongerValid" time="16.970" classname="TestNG.MFAC"/>
  <testcase name="AddressVelocity" time="26.151" classname="TestNG.MFAC"/>
  <testcase name="VerifyPinNoLongerValid" time="17.274" classname="TestNG.MFAC"/>
  <testcase name="VerifyPinValid" time="8.523" classname="TestNG.MFAC"/>
  <testcase name="IssuePinVelocity" time="17.117" classname="TestNG.MFAC"/>
  <testcase name="IssuePin" time="6.101" classname="TestNG.MFAC"/>
  <testcase name="VerifyPinVelocity" time="20.481" classname="TestNG.MFAC"/>
  <testcase name="VerifyPinValid" time="9.492" classname="TestNG.MFAC"/>
  <testcase name="IssuePinVelocity" time="18.037" classname="TestNG.MFAC"/>
  <testcase name="IssuePinVelocity" time="20.372" classname="TestNG.MFAC"/>
  <testcase name="VerifyPinVelocity" time="21.130" classname="TestNG.MFAC"/>
  <testcase name="VerifyPinNoLongerValid" time="17.399" classname="TestNG.MFAC"/>
  <testcase name="VerifyPinVelocity" time="23.327" classname="TestNG.MFAC"/>
  <testcase name="IssuePinExpiration" classname="TestNG.MFAC">
    <skipped/>
  </testcase> <!-- IssuePinExpiration -->
  <testcase name="AdditionalEnrollmentExpiration" classname="TestNG.MFAC">
    <skipped/>
  </testcase> <!-- AdditionalEnrollmentExpiration -->
  <testcase name="DetermineLockoutTime" classname="TestNG.MFAC">
    <skipped/>
  </testcase> <!-- DetermineLockoutTime -->
  <testcase name="AdditionalEnrollmentExpirationValidate" classname="TestNG.MFAC">
    <skipped/>
  </testcase> <!-- AdditionalEnrollmentExpirationValidate -->
  <testcase name="IssuePinExpirationValidate" classname="TestNG.MFAC">
    <skipped/>
  </testcase> <!-- IssuePinExpirationValidate -->
</testsuite> <!-- TestNG.MFAC -->
