<?xml version="1.0" encoding="UTF-8"?>
<!-- Generated by org.testng.reporters.JUnitReportReporter -->
<testsuite skipped="5" hostname="WTC-5159473-l2" name="TestNG.MFAC" tests="41" failures="0" timestamp="26 Oct 2018 17:02:06 GMT" time="152.985" errors="0">
  <testcase name="VerifyPinNoLongerValid" time="4.361" classname="TestNG.MFAC"/>
  <testcase name="AddressVelocity" time="10.516" classname="TestNG.MFAC"/>
  <testcase name="IssuePinVelocity" time="4.286" classname="TestNG.MFAC"/>
  <testcase name="VerifyPinNoLongerValid" time="4.147" classname="TestNG.MFAC"/>
  <testcase name="AddressVelocity" time="9.496" classname="TestNG.MFAC"/>
  <testcase name="AddressVelocity" time="9.608" classname="TestNG.MFAC"/>
  <testcase name="IssuePin" time="1.404" classname="TestNG.MFAC"/>
  <testcase name="IssuePin" time="0.750" classname="TestNG.MFAC"/>
  <testcase name="VerifyPinValid" time="1.788" classname="TestNG.MFAC"/>
  <testcase name="AddressVelocity" time="5.994" classname="TestNG.MFAC"/>
  <testcase name="IssuePinVelocity" time="4.143" classname="TestNG.MFAC"/>
  <testcase name="VerifyPinValid" time="1.681" classname="TestNG.MFAC"/>
  <testcase name="VerifyPinVelocity" time="6.583" classname="TestNG.MFAC"/>
  <testcase name="IssuePinVelocity" time="3.876" classname="TestNG.MFAC"/>
  <testcase name="VerifyPinVelocity" time="4.221" classname="TestNG.MFAC"/>
  <testcase name="IssuePin" time="0.530" classname="TestNG.MFAC"/>
  <testcase name="VerifyPinValid" time="1.588" classname="TestNG.MFAC"/>
  <testcase name="VerifyPinValid" time="1.475" classname="TestNG.MFAC"/>
  <testcase name="IssuePin" time="0.257" classname="TestNG.MFAC"/>
  <testcase name="VerifyPinVelocity" time="5.742" classname="TestNG.MFAC"/>
  <testcase name="VerifyPinNoLongerValid" time="4.841" classname="TestNG.MFAC"/>
  <testcase name="AddressVelocity" time="10.343" classname="TestNG.MFAC"/>
  <testcase name="IssuePinVelocity" time="3.718" classname="TestNG.MFAC"/>
  <testcase name="VerifyPinNoLongerValid" time="4.721" classname="TestNG.MFAC"/>
  <testcase name="IssuePin" time="1.650" classname="TestNG.MFAC"/>
  <testcase name="VerifyPinVelocity" time="6.661" classname="TestNG.MFAC"/>
  <testcase name="VerifyPinValid" time="1.879" classname="TestNG.MFAC"/>
  <testcase name="VerifyPinNoLongerValid" time="2.280" classname="TestNG.MFAC"/>
  <testcase name="VerifyPinVelocity" time="5.338" classname="TestNG.MFAC"/>
  <testcase name="VerifyPinValid" time="1.989" classname="TestNG.MFAC"/>
  <testcase name="IssuePin" time="1.165" classname="TestNG.MFAC"/>
  <testcase name="AddressVelocity" time="8.027" classname="TestNG.MFAC"/>
  <testcase name="VerifyPinVelocity" time="6.117" classname="TestNG.MFAC"/>
  <testcase name="IssuePinVelocity" time="2.753" classname="TestNG.MFAC"/>
  <testcase name="VerifyPinNoLongerValid" time="4.570" classname="TestNG.MFAC"/>
  <testcase name="IssuePinVelocity" time="4.487" classname="TestNG.MFAC"/>
  <testcase name="IssuePinExpiration" classname="TestNG.MFAC">
    <skipped/>
  </testcase> <!-- IssuePinExpiration -->
  <testcase name="AdditionalEnrollmentExpiration" classname="TestNG.MFAC">
    <skipped/>
  </testcase> <!-- AdditionalEnrollmentExpiration -->
  <testcase name="DetermineLockoutTime" classname="TestNG.MFAC">
    <skipped/>
  </testcase> <!-- DetermineLockoutTime -->
  <testcase name="AdditionalEnrollmentExpirationValidate" classname="TestNG.MFAC">
    <skipped/>
  </testcase> <!-- AdditionalEnrollmentExpirationValidate -->
  <testcase name="IssuePinExpirationValidate" classname="TestNG.MFAC">
    <skipped/>
  </testcase> <!-- IssuePinExpirationValidate -->
</testsuite> <!-- TestNG.MFAC -->
