<?xml version="1.0" encoding="UTF-8"?>
<!-- Generated by org.testng.reporters.JUnitReportReporter -->
<testsuite skipped="0" hostname="WTC-5159473-l2" name="MFAC.MFAC" tests="32" failures="0" timestamp="24 Dec 2018 19:29:36 GMT" time="196.442" errors="0">
  <testcase name="VerifyPinVelocity" time="6.153" classname="MFAC.MFAC"/>
  <testcase name="VerifyPinValid" time="1.732" classname="MFAC.MFAC"/>
  <testcase name="VerifyPinNoLongerValid" time="4.704" classname="MFAC.MFAC"/>
  <testcase name="VerifyPinVelocity" time="12.371" classname="MFAC.MFAC"/>
  <testcase name="IssuePin" time="1.096" classname="MFAC.MFAC"/>
  <testcase name="IssuePinVelocity" time="4.331" classname="MFAC.MFAC"/>
  <testcase name="VerifyPinVelocity" time="7.316" classname="MFAC.MFAC"/>
  <testcase name="VerifyPinValid" time="0.500" classname="MFAC.MFAC"/>
  <testcase name="VerifyPinVelocity" time="7.040" classname="MFAC.MFAC"/>
  <testcase name="VerifyPinVelocity" time="8.525" classname="MFAC.MFAC"/>
  <testcase name="AddressVelocity" time="9.907" classname="MFAC.MFAC"/>
  <testcase name="VerifyPinVelocity" time="6.800" classname="MFAC.MFAC"/>
  <testcase name="VerifyPinNoLongerValid" time="4.848" classname="MFAC.MFAC"/>
  <testcase name="VerifyPinVelocity" time="10.426" classname="MFAC.MFAC"/>
  <testcase name="VerifyPinNoLongerValid" time="4.062" classname="MFAC.MFAC"/>
  <testcase name="IssuePinVelocity" time="3.823" classname="MFAC.MFAC"/>
  <testcase name="VerifyPinVelocity" time="12.124" classname="MFAC.MFAC"/>
  <testcase name="VerifyPinValid" time="1.590" classname="MFAC.MFAC"/>
  <testcase name="AddressVelocity" time="10.896" classname="MFAC.MFAC"/>
  <testcase name="VerifyPinVelocity" time="8.413" classname="MFAC.MFAC"/>
  <testcase name="IssuePinVelocity" time="3.527" classname="MFAC.MFAC"/>
  <testcase name="IssuePin" time="1.518" classname="MFAC.MFAC"/>
  <testcase name="VerifyPinNoLongerValid" time="4.476" classname="MFAC.MFAC"/>
  <testcase name="IssuePin" time="1.858" classname="MFAC.MFAC"/>
  <testcase name="IssuePin" time="2.193" classname="MFAC.MFAC"/>
  <testcase name="AddressVelocity" time="9.555" classname="MFAC.MFAC"/>
  <testcase name="AddressVelocity" time="10.160" classname="MFAC.MFAC"/>
  <testcase name="IssuePinVelocity" time="3.314" classname="MFAC.MFAC"/>
  <testcase name="VerifyPinVelocity" time="9.810" classname="MFAC.MFAC"/>
  <testcase name="VerifyPinVelocity" time="10.282" classname="MFAC.MFAC"/>
  <testcase name="VerifyPinVelocity" time="11.204" classname="MFAC.MFAC"/>
  <testcase name="VerifyPinValid" time="1.888" classname="MFAC.MFAC"/>
</testsuite> <!-- MFAC.MFAC -->
