<?xml version="1.0" encoding="UTF-8"?>
<!-- Generated by org.testng.reporters.JUnitReportReporter -->
<testsuite skipped="0" hostname="WTC-5159473-l2" name="USRC.USRC_General" tests="1" failures="0" timestamp="03 Jan 2019 18:07:01 GMT" time="5.600" errors="0">
  <testcase name="CreateUsers" time="5.600" classname="USRC.USRC_General"/>
</testsuite> <!-- USRC.USRC_General -->
