<?xml version="1.0" encoding="UTF-8"?>
<!-- Generated by org.testng.reporters.JUnitReportReporter -->
<testsuite skipped="0" hostname="WTC-5159473-l2" name="USRC.USRC_FDM" tests="1" failures="0" timestamp="05 Nov 2018 18:05:10 GMT" time="24.553" errors="0">
  <testcase name="EndtoEndEnrollment" time="24.553" classname="USRC.USRC_FDM"/>
</testsuite> <!-- USRC.USRC_FDM -->
