<?xml version="1.0" encoding="UTF-8"?>
<!-- Generated by org.testng.reporters.JUnitReportReporter -->
<testsuite skipped="2" hostname="WTC-5159473-l2" name="TestNG.MFAC" tests="19" failures="0" timestamp="21 Oct 2018 05:25:34 GMT" time="776.374" errors="0">
  <testcase name="AdditionalEnrollmentExpiration" time="1.856" classname="TestNG.MFAC"/>
  <testcase name="IssuePinExpiration" time="1.573" classname="TestNG.MFAC"/>
  <testcase name="IssuePinExpiration" time="1.260" classname="TestNG.MFAC"/>
  <testcase name="AdditionalEnrollmentExpiration" time="0.948" classname="TestNG.MFAC"/>
  <testcase name="VerifyPinValid" time="6.025" classname="TestNG.MFAC"/>
  <testcase name="AddressVelocity" time="14.824" classname="TestNG.MFAC"/>
  <testcase name="AddressVelocity" time="15.555" classname="TestNG.MFAC"/>
  <testcase name="IssuePin" time="3.243" classname="TestNG.MFAC"/>
  <testcase name="VerifyPinVelocity" time="12.768" classname="TestNG.MFAC"/>
  <testcase name="VerifyPinValid" time="5.884" classname="TestNG.MFAC"/>
  <testcase name="IssuePinVelocity" time="9.420" classname="TestNG.MFAC"/>
  <testcase name="VerifyPinVelocity" time="12.158" classname="TestNG.MFAC"/>
  <testcase name="VerifyPinNoLongerValid" time="10.484" classname="TestNG.MFAC"/>
  <testcase name="VerifyPinNoLongerValid" time="10.643" classname="TestNG.MFAC"/>
  <testcase name="IssuePinVelocity" time="6.212" classname="TestNG.MFAC"/>
  <testcase name="IssuePin" time="2.982" classname="TestNG.MFAC"/>
  <testcase name="AdditionalEnrollmentExpirationValidate" time="0.000" classname="TestNG.MFAC">
    <skipped/>
  </testcase> <!-- AdditionalEnrollmentExpirationValidate -->
  <testcase name="IssuePinExpirationValidate" time="660.539" classname="TestNG.MFAC"/>
  <testcase name="DetermineLockoutTime" classname="TestNG.MFAC">
    <skipped/>
  </testcase> <!-- DetermineLockoutTime -->
</testsuite> <!-- TestNG.MFAC -->
