<?xml version="1.0" encoding="UTF-8"?>
<!-- Generated by org.testng.reporters.JUnitReportReporter -->
<testsuite skipped="0" hostname="WTC-5159473-l2" name="SupportClasses.Set_Environment" tests="1" failures="0" timestamp="14 Dec 2018 17:59:47 GMT" time="0.005" errors="0">
  <testcase name="SetEvironmentLevel" time="0.005" classname="SupportClasses.Set_Environment"/>
</testsuite> <!-- SupportClasses.Set_Environment -->
