<?xml version="1.0" encoding="UTF-8"?>
<!-- Generated by org.testng.reporters.JUnitReportReporter -->
<testsuite skipped="1" hostname="WTC-5159473-l2" name="TestNG.MFAC" tests="13" failures="0" timestamp="12 Nov 2018 23:18:33 GMT" time="108.707" errors="0">
  <testcase name="VerifyPinVelocity" time="9.721" classname="TestNG.MFAC"/>
  <testcase name="VerifyPinVelocity" time="9.867" classname="TestNG.MFAC"/>
  <testcase name="VerifyPinVelocity" time="11.628" classname="TestNG.MFAC"/>
  <testcase name="VerifyPinVelocity" time="9.598" classname="TestNG.MFAC"/>
  <testcase name="VerifyPinVelocity" time="4.154" classname="TestNG.MFAC"/>
  <testcase name="VerifyPinVelocity" time="9.936" classname="TestNG.MFAC"/>
  <testcase name="VerifyPinVelocity" time="10.814" classname="TestNG.MFAC"/>
  <testcase name="VerifyPinVelocity" time="11.297" classname="TestNG.MFAC"/>
  <testcase name="VerifyPinVelocity" time="9.514" classname="TestNG.MFAC"/>
  <testcase name="VerifyPinVelocity" time="8.614" classname="TestNG.MFAC"/>
  <testcase name="VerifyPinVelocity" time="4.883" classname="TestNG.MFAC"/>
  <testcase name="VerifyPinVelocity" time="8.681" classname="TestNG.MFAC"/>
  <testcase name="DetermineLockoutTime" classname="TestNG.MFAC">
    <skipped/>
  </testcase> <!-- DetermineLockoutTime -->
</testsuite> <!-- TestNG.MFAC -->
