<?xml version="1.0" encoding="UTF-8"?>
<!-- Generated by org.testng.reporters.JUnitReportReporter -->
<testsuite skipped="5" hostname="WTC-5159473-l2" name="TestNG.MFAC" tests="29" failures="0" timestamp="02 Nov 2018 18:34:03 GMT" time="437.299" errors="0">
  <testcase name="VerifyPinVelocity" time="20.172" classname="TestNG.MFAC"/>
  <testcase name="IssuePin" time="6.400" classname="TestNG.MFAC"/>
  <testcase name="VerifyPinNoLongerValid" time="23.769" classname="TestNG.MFAC"/>
  <testcase name="VerifyPinNoLongerValid" time="20.570" classname="TestNG.MFAC"/>
  <testcase name="IssuePinVelocity" time="14.253" classname="TestNG.MFAC"/>
  <testcase name="IssuePinVelocity" time="21.322" classname="TestNG.MFAC"/>
  <testcase name="IssuePin" time="10.477" classname="TestNG.MFAC"/>
  <testcase name="VerifyPinVelocity" time="24.301" classname="TestNG.MFAC"/>
  <testcase name="VerifyPinNoLongerValid" time="24.017" classname="TestNG.MFAC"/>
  <testcase name="IssuePinVelocity" time="22.142" classname="TestNG.MFAC"/>
  <testcase name="IssuePin" time="8.817" classname="TestNG.MFAC"/>
  <testcase name="VerifyPinValid" time="13.216" classname="TestNG.MFAC"/>
  <testcase name="AddressVelocity" time="27.098" classname="TestNG.MFAC"/>
  <testcase name="AddressVelocity" time="26.150" classname="TestNG.MFAC"/>
  <testcase name="VerifyPinNoLongerValid" time="19.691" classname="TestNG.MFAC"/>
  <testcase name="IssuePinVelocity" time="21.978" classname="TestNG.MFAC"/>
  <testcase name="AddressVelocity" time="25.661" classname="TestNG.MFAC"/>
  <testcase name="VerifyPinVelocity" time="22.885" classname="TestNG.MFAC"/>
  <testcase name="VerifyPinVelocity" time="15.387" classname="TestNG.MFAC"/>
  <testcase name="VerifyPinValid" time="8.592" classname="TestNG.MFAC"/>
  <testcase name="VerifyPinValid" time="11.230" classname="TestNG.MFAC"/>
  <testcase name="AddressVelocity" time="26.788" classname="TestNG.MFAC"/>
  <testcase name="IssuePin" time="8.002" classname="TestNG.MFAC"/>
  <testcase name="VerifyPinValid" time="14.381" classname="TestNG.MFAC"/>
  <testcase name="IssuePinExpiration" classname="TestNG.MFAC">
    <skipped/>
  </testcase> <!-- IssuePinExpiration -->
  <testcase name="AdditionalEnrollmentExpiration" classname="TestNG.MFAC">
    <skipped/>
  </testcase> <!-- AdditionalEnrollmentExpiration -->
  <testcase name="DetermineLockoutTime" classname="TestNG.MFAC">
    <skipped/>
  </testcase> <!-- DetermineLockoutTime -->
  <testcase name="AdditionalEnrollmentExpirationValidate" classname="TestNG.MFAC">
    <skipped/>
  </testcase> <!-- AdditionalEnrollmentExpirationValidate -->
  <testcase name="IssuePinExpirationValidate" classname="TestNG.MFAC">
    <skipped/>
  </testcase> <!-- IssuePinExpirationValidate -->
</testsuite> <!-- TestNG.MFAC -->
