<?xml version="1.0" encoding="UTF-8"?>
<!-- Generated by org.testng.reporters.JUnitReportReporter -->
<testsuite skipped="0" hostname="WTC-5159473-l2" name="WaterfallApplications.WRTT" tests="5" failures="0" timestamp="19 Oct 2018 01:46:48 GMT" time="780.842" errors="0">
  <testcase name="WRTT_Rate_Sheet" time="185.913" classname="WaterfallApplications.WRTT"/>
  <testcase name="WRTT_Rate_Sheet" time="188.021" classname="WaterfallApplications.WRTT"/>
  <testcase name="WRTT_Rate_Sheet" time="200.217" classname="WaterfallApplications.WRTT"/>
  <testcase name="WRTT_SpalshPage_eCRV" time="132.381" classname="WaterfallApplications.WRTT"/>
  <testcase name="WRTT_eCRV_Page" time="74.310" classname="WaterfallApplications.WRTT"/>
</testsuite> <!-- WaterfallApplications.WRTT -->
