<?xml version="1.0" encoding="UTF-8"?>
<!-- Generated by org.testng.reporters.JUnitReportReporter -->
<testsuite skipped="0" hostname="WTC-5159473-l2" name="MFAC.MFAC" tests="32" failures="0" timestamp="14 Dec 2018 17:59:47 GMT" time="494.902" errors="0">
  <testcase name="VerifyPinValid" time="10.471" classname="MFAC.MFAC"/>
  <testcase name="VerifyPinNoLongerValid" time="18.210" classname="MFAC.MFAC"/>
  <testcase name="IssuePinVelocity" time="19.913" classname="MFAC.MFAC"/>
  <testcase name="IssuePinVelocity" time="10.112" classname="MFAC.MFAC"/>
  <testcase name="VerifyPinVelocity" time="18.969" classname="MFAC.MFAC"/>
  <testcase name="VerifyPinValid" time="9.658" classname="MFAC.MFAC"/>
  <testcase name="VerifyPinNoLongerValid" time="21.778" classname="MFAC.MFAC"/>
  <testcase name="VerifyPinVelocity" time="15.762" classname="MFAC.MFAC"/>
  <testcase name="IssuePin" time="2.648" classname="MFAC.MFAC"/>
  <testcase name="VerifyPinNoLongerValid" time="21.702" classname="MFAC.MFAC"/>
  <testcase name="AddressVelocity" time="24.269" classname="MFAC.MFAC"/>
  <testcase name="VerifyPinVelocity" time="15.332" classname="MFAC.MFAC"/>
  <testcase name="VerifyPinVelocity" time="22.122" classname="MFAC.MFAC"/>
  <testcase name="IssuePinVelocity" time="19.599" classname="MFAC.MFAC"/>
  <testcase name="IssuePin" time="6.382" classname="MFAC.MFAC"/>
  <testcase name="IssuePinVelocity" time="18.550" classname="MFAC.MFAC"/>
  <testcase name="VerifyPinNoLongerValid" time="15.320" classname="MFAC.MFAC"/>
  <testcase name="VerifyPinVelocity" time="11.420" classname="MFAC.MFAC"/>
  <testcase name="VerifyPinVelocity" time="12.013" classname="MFAC.MFAC"/>
  <testcase name="VerifyPinValid" time="11.672" classname="MFAC.MFAC"/>
  <testcase name="IssuePin" time="6.601" classname="MFAC.MFAC"/>
  <testcase name="AddressVelocity" time="24.463" classname="MFAC.MFAC"/>
  <testcase name="VerifyPinVelocity" time="16.115" classname="MFAC.MFAC"/>
  <testcase name="VerifyPinVelocity" time="11.747" classname="MFAC.MFAC"/>
  <testcase name="VerifyPinVelocity" time="22.663" classname="MFAC.MFAC"/>
  <testcase name="VerifyPinVelocity" time="19.312" classname="MFAC.MFAC"/>
  <testcase name="VerifyPinVelocity" time="19.206" classname="MFAC.MFAC"/>
  <testcase name="IssuePin" time="2.340" classname="MFAC.MFAC"/>
  <testcase name="VerifyPinVelocity" time="4.371" classname="MFAC.MFAC"/>
  <testcase name="AddressVelocity" time="24.795" classname="MFAC.MFAC"/>
  <testcase name="AddressVelocity" time="22.997" classname="MFAC.MFAC"/>
  <testcase name="VerifyPinValid" time="14.390" classname="MFAC.MFAC"/>
</testsuite> <!-- MFAC.MFAC -->
