<?xml version="1.0" encoding="UTF-8"?>
<!-- Generated by org.testng.reporters.JUnitReportReporter -->
<testsuite skipped="0" hostname="WTC-5159473-l2" name="MFAC.MFAC_Expiration" tests="14" failures="0" timestamp="14 Nov 2018 17:52:41 GMT" time="6386.610" errors="0">
  <testcase name="IssuePinExpiration" time="1.561" classname="MFAC.MFAC_Expiration"/>
  <testcase name="AdditionalEnrollmentExpiration" time="3.438" classname="MFAC.MFAC_Expiration"/>
  <testcase name="AdditionalEnrollmentExpiration" time="4.237" classname="MFAC.MFAC_Expiration"/>
  <testcase name="IssuePinExpiration" time="2.884" classname="MFAC.MFAC_Expiration"/>
  <testcase name="IssuePinExpiration" time="1.276" classname="MFAC.MFAC_Expiration"/>
  <testcase name="AdditionalEnrollmentExpiration" time="3.192" classname="MFAC.MFAC_Expiration"/>
  <testcase name="IssuePinExpiration" time="2.087" classname="MFAC.MFAC_Expiration"/>
  <testcase name="AdditionalEnrollmentExpiration" time="3.656" classname="MFAC.MFAC_Expiration"/>
  <testcase name="IssuePinExpirationValidate" time="1860.463" classname="MFAC.MFAC_Expiration"/>
  <testcase name="AdditionalEnrollmentExpirationValidate" time="660.772" classname="MFAC.MFAC_Expiration"/>
  <testcase name="IssuePinExpirationValidate" time="660.484" classname="MFAC.MFAC_Expiration"/>
  <testcase name="IssuePinExpirationValidate" time="660.662" classname="MFAC.MFAC_Expiration"/>
  <testcase name="AdditionalEnrollmentExpirationValidate" time="661.076" classname="MFAC.MFAC_Expiration"/>
  <testcase name="IssuePinExpirationValidate" time="1860.822" classname="MFAC.MFAC_Expiration"/>
</testsuite> <!-- MFAC.MFAC_Expiration -->
