<?xml version="1.0" encoding="UTF-8"?>
<!-- Generated by org.testng.reporters.JUnitReportReporter -->
<testsuite skipped="0" hostname="WTC-5159473-l2" name="CMAC.CMAC_Projects" tests="4" failures="0" timestamp="11 Nov 2018 01:34:59 GMT" time="3.879" errors="0">
  <testcase name="CreateProject" time="0.879" classname="CMAC.CMAC_Projects"/>
  <testcase name="CreateProject" time="0.999" classname="CMAC.CMAC_Projects"/>
  <testcase name="CreateProject" time="0.939" classname="CMAC.CMAC_Projects"/>
  <testcase name="CreateProject" time="1.062" classname="CMAC.CMAC_Projects"/>
</testsuite> <!-- CMAC.CMAC_Projects -->
