<?xml version="1.0" encoding="UTF-8"?>
<!-- Generated by org.testng.reporters.JUnitReportReporter -->
<testsuite skipped="0" hostname="WTC-5159473-l2" name="CMAC.CMAC_Projects" tests="4" failures="0" timestamp="31 Oct 2018 14:52:03 GMT" time="5.507" errors="0">
  <testcase name="CreateProject" time="1.367" classname="CMAC.CMAC_Projects"/>
  <testcase name="CreateProject" time="1.367" classname="CMAC.CMAC_Projects"/>
  <testcase name="CreateProject" time="1.400" classname="CMAC.CMAC_Projects"/>
  <testcase name="CreateProject" time="1.373" classname="CMAC.CMAC_Projects"/>
</testsuite> <!-- CMAC.CMAC_Projects -->
