<?xml version="1.0" encoding="UTF-8"?>
<!-- Generated by org.testng.reporters.JUnitReportReporter -->
<testsuite skipped="1" hostname="WTC-5159473-l2" name="TestNG.MFAC" tests="19" failures="0" timestamp="11 Nov 2018 06:38:52 GMT" time="1450.759" errors="0">
  <testcase name="IssuePinExpiration" time="1.906" classname="TestNG.MFAC"/>
  <testcase name="AdditionalEnrollmentExpiration" time="3.004" classname="TestNG.MFAC"/>
  <testcase name="IssuePinExpiration" time="2.172" classname="TestNG.MFAC"/>
  <testcase name="AdditionalEnrollmentExpiration" time="2.716" classname="TestNG.MFAC"/>
  <testcase name="IssuePinVelocity" time="11.724" classname="TestNG.MFAC"/>
  <testcase name="AddressVelocity" time="15.411" classname="TestNG.MFAC"/>
  <testcase name="AddressVelocity" time="16.477" classname="TestNG.MFAC"/>
  <testcase name="IssuePinVelocity" time="11.254" classname="TestNG.MFAC"/>
  <testcase name="VerifyPinValid" time="4.896" classname="TestNG.MFAC"/>
  <testcase name="VerifyPinNoLongerValid" time="11.057" classname="TestNG.MFAC"/>
  <testcase name="VerifyPinNoLongerValid" time="10.909" classname="TestNG.MFAC"/>
  <testcase name="IssuePin" time="2.746" classname="TestNG.MFAC"/>
  <testcase name="VerifyPinValid" time="4.432" classname="TestNG.MFAC"/>
  <testcase name="IssuePin" time="3.047" classname="TestNG.MFAC"/>
  <testcase name="VerifyPinVelocity" time="12.649" classname="TestNG.MFAC"/>
  <testcase name="VerifyPinVelocity" time="14.203" classname="TestNG.MFAC"/>
  <testcase name="AdditionalEnrollmentExpirationValidate" time="661.384" classname="TestNG.MFAC"/>
  <testcase name="IssuePinExpirationValidate" time="660.772" classname="TestNG.MFAC"/>
  <testcase name="DetermineLockoutTime" classname="TestNG.MFAC">
    <skipped/>
  </testcase> <!-- DetermineLockoutTime -->
</testsuite> <!-- TestNG.MFAC -->
