<?xml version="1.0" encoding="UTF-8"?>
<!-- Generated by org.testng.reporters.JUnitReportReporter -->
<testsuite skipped="0" hostname="WTC-5159473-l2" name="USRC.USRC_FDM" tests="8" failures="0" timestamp="21 Dec 2018 20:09:44 GMT" time="684.933" errors="0">
  <testcase name="EndtoEndEnrollment" time="81.680" classname="USRC.USRC_FDM"/>
  <testcase name="EndtoEndEnrollment" time="88.534" classname="USRC.USRC_FDM"/>
  <testcase name="EndtoEndEnrollment" time="88.629" classname="USRC.USRC_FDM"/>
  <testcase name="EndtoEndEnrollment" time="74.901" classname="USRC.USRC_FDM"/>
  <testcase name="EndtoEndEnrollment" time="88.276" classname="USRC.USRC_FDM"/>
  <testcase name="EndtoEndEnrollment" time="88.376" classname="USRC.USRC_FDM"/>
  <testcase name="EndtoEndEnrollment" time="88.461" classname="USRC.USRC_FDM"/>
  <testcase name="EndtoEndEnrollment" time="86.076" classname="USRC.USRC_FDM"/>
</testsuite> <!-- USRC.USRC_FDM -->
