<?xml version="1.0" encoding="UTF-8"?>
<!-- Generated by org.testng.reporters.JUnitReportReporter -->
<testsuite skipped="0" hostname="WTC-5159473-l2" name="CMAC.CMAC_Resources" tests="4" failures="0" timestamp="01 Nov 2018 15:32:38 GMT" time="0.511" errors="0">
  <testcase name="DeleteResource" time="0.113" classname="CMAC.CMAC_Resources"/>
  <testcase name="DeleteResource" time="0.081" classname="CMAC.CMAC_Resources"/>
  <testcase name="DeleteResource" time="0.174" classname="CMAC.CMAC_Resources"/>
  <testcase name="DeleteResource" time="0.143" classname="CMAC.CMAC_Resources"/>
</testsuite> <!-- CMAC.CMAC_Resources -->
