<?xml version="1.0" encoding="UTF-8"?>
<!-- Generated by org.testng.reporters.JUnitReportReporter -->
<testsuite skipped="5" hostname="WTC-5159473-l2" name="TestNG.MFAC_TestNG" tests="29" failures="0" timestamp="17 Sep 2018 18:05:59 GMT" time="81.717" errors="0">
  <testcase name="AddressVelocity" time="7.440" classname="TestNG.MFAC_TestNG"/>
  <testcase name="IssuePin" time="0.464" classname="TestNG.MFAC_TestNG"/>
  <testcase name="VerifyPinVelocity" time="3.877" classname="TestNG.MFAC_TestNG"/>
  <testcase name="IssuePinVelocity" time="3.004" classname="TestNG.MFAC_TestNG"/>
  <testcase name="VerifyPinVelocity" time="3.971" classname="TestNG.MFAC_TestNG"/>
  <testcase name="AddressVelocity" time="7.689" classname="TestNG.MFAC_TestNG"/>
  <testcase name="VerifyPinValid" time="1.521" classname="TestNG.MFAC_TestNG"/>
  <testcase name="AddressVelocity" time="7.956" classname="TestNG.MFAC_TestNG"/>
  <testcase name="IssuePinVelocity" time="3.710" classname="TestNG.MFAC_TestNG"/>
  <testcase name="VerifyPinNoLongerValid" time="3.129" classname="TestNG.MFAC_TestNG"/>
  <testcase name="IssuePin" time="1.077" classname="TestNG.MFAC_TestNG"/>
  <testcase name="VerifyPinValid" time="1.325" classname="TestNG.MFAC_TestNG"/>
  <testcase name="IssuePinVelocity" time="3.395" classname="TestNG.MFAC_TestNG"/>
  <testcase name="AddressVelocity" time="8.158" classname="TestNG.MFAC_TestNG"/>
  <testcase name="VerifyPinValid" time="1.247" classname="TestNG.MFAC_TestNG"/>
  <testcase name="IssuePin" time="0.747" classname="TestNG.MFAC_TestNG"/>
  <testcase name="IssuePin" time="1.405" classname="TestNG.MFAC_TestNG"/>
  <testcase name="IssuePinVelocity" time="3.192" classname="TestNG.MFAC_TestNG"/>
  <testcase name="VerifyPinNoLongerValid" time="3.035" classname="TestNG.MFAC_TestNG"/>
  <testcase name="VerifyPinVelocity" time="3.783" classname="TestNG.MFAC_TestNG"/>
  <testcase name="VerifyPinNoLongerValid" time="3.254" classname="TestNG.MFAC_TestNG"/>
  <testcase name="VerifyPinValid" time="1.403" classname="TestNG.MFAC_TestNG"/>
  <testcase name="VerifyPinNoLongerValid" time="3.332" classname="TestNG.MFAC_TestNG"/>
  <testcase name="VerifyPinVelocity" time="3.603" classname="TestNG.MFAC_TestNG"/>
  <testcase name="DetermineLockoutTime" classname="TestNG.MFAC_TestNG">
    <skipped/>
  </testcase> <!-- DetermineLockoutTime -->
  <testcase name="IssuePinExpirationValidate" classname="TestNG.MFAC_TestNG">
    <skipped/>
  </testcase> <!-- IssuePinExpirationValidate -->
  <testcase name="AdditionalEnrollmentExpiration" classname="TestNG.MFAC_TestNG">
    <skipped/>
  </testcase> <!-- AdditionalEnrollmentExpiration -->
  <testcase name="AdditionalEnrollmentExpirationValidate" classname="TestNG.MFAC_TestNG">
    <skipped/>
  </testcase> <!-- AdditionalEnrollmentExpirationValidate -->
  <testcase name="IssuePinExpiration" classname="TestNG.MFAC_TestNG">
    <skipped/>
  </testcase> <!-- IssuePinExpiration -->
</testsuite> <!-- TestNG.MFAC_TestNG -->
