<?xml version="1.0" encoding="UTF-8"?>
<!-- Generated by org.testng.reporters.JUnitReportReporter -->
<testsuite skipped="1" hostname="WTC-5159473-l2" name="TestNG.CMAC_TestNG" tests="2" failures="0" timestamp="14 Sep 2018 21:57:31 GMT" time="0.028" errors="0">
  <testcase name="RetrieveProjectDetails" time="0.028" classname="TestNG.CMAC_TestNG"/>
  <testcase name="DeleteAllProject" classname="TestNG.CMAC_TestNG">
    <skipped/>
  </testcase> <!-- DeleteAllProject -->
</testsuite> <!-- TestNG.CMAC_TestNG -->
