<?xml version="1.0" encoding="UTF-8"?>
<!-- Generated by org.testng.reporters.JUnitReportReporter -->
<testsuite skipped="5" hostname="WTC-5159473-l2" name="TestNG.MFAC" tests="29" failures="0" timestamp="04 Oct 2018 14:15:08 GMT" time="66.939" errors="0">
  <testcase name="IssuePinVelocity" time="2.701" classname="TestNG.MFAC"/>
  <testcase name="VerifyPinValid" time="0.981" classname="TestNG.MFAC"/>
  <testcase name="VerifyPinNoLongerValid" time="3.024" classname="TestNG.MFAC"/>
  <testcase name="VerifyPinVelocity" time="3.692" classname="TestNG.MFAC"/>
  <testcase name="VerifyPinNoLongerValid" time="2.421" classname="TestNG.MFAC"/>
  <testcase name="IssuePin" time="0.995" classname="TestNG.MFAC"/>
  <testcase name="VerifyPinValid" time="1.059" classname="TestNG.MFAC"/>
  <testcase name="VerifyPinValid" time="1.137" classname="TestNG.MFAC"/>
  <testcase name="AddressVelocity" time="5.727" classname="TestNG.MFAC"/>
  <testcase name="VerifyPinNoLongerValid" time="2.538" classname="TestNG.MFAC"/>
  <testcase name="VerifyPinNoLongerValid" time="2.947" classname="TestNG.MFAC"/>
  <testcase name="AddressVelocity" time="5.899" classname="TestNG.MFAC"/>
  <testcase name="IssuePin" time="0.742" classname="TestNG.MFAC"/>
  <testcase name="VerifyPinValid" time="1.230" classname="TestNG.MFAC"/>
  <testcase name="AddressVelocity" time="5.179" classname="TestNG.MFAC"/>
  <testcase name="VerifyPinVelocity" time="3.504" classname="TestNG.MFAC"/>
  <testcase name="IssuePinVelocity" time="2.811" classname="TestNG.MFAC"/>
  <testcase name="AddressVelocity" time="4.585" classname="TestNG.MFAC"/>
  <testcase name="VerifyPinVelocity" time="3.900" classname="TestNG.MFAC"/>
  <testcase name="VerifyPinVelocity" time="4.072" classname="TestNG.MFAC"/>
  <testcase name="IssuePinVelocity" time="1.995" classname="TestNG.MFAC"/>
  <testcase name="IssuePin" time="1.526" classname="TestNG.MFAC"/>
  <testcase name="IssuePinVelocity" time="2.998" classname="TestNG.MFAC"/>
  <testcase name="IssuePin" time="1.276" classname="TestNG.MFAC"/>
  <testcase name="IssuePinExpiration" classname="TestNG.MFAC">
    <skipped/>
  </testcase> <!-- IssuePinExpiration -->
  <testcase name="AdditionalEnrollmentExpiration" classname="TestNG.MFAC">
    <skipped/>
  </testcase> <!-- AdditionalEnrollmentExpiration -->
  <testcase name="DetermineLockoutTime" classname="TestNG.MFAC">
    <skipped/>
  </testcase> <!-- DetermineLockoutTime -->
  <testcase name="AdditionalEnrollmentExpirationValidate" classname="TestNG.MFAC">
    <skipped/>
  </testcase> <!-- AdditionalEnrollmentExpirationValidate -->
  <testcase name="IssuePinExpirationValidate" classname="TestNG.MFAC">
    <skipped/>
  </testcase> <!-- IssuePinExpirationValidate -->
</testsuite> <!-- TestNG.MFAC -->
